orchname:  ../wftg2.orc
Elapsed time at end of orchestra compile: real: 0.002s, CPU: 0.002s
sorting score ...
	... done
Elapsed time at end of score sort: real: 0.002s, CPU: 0.002s
--Csound version 6.17 (double samples) 2022-04-08
[commit: none]
libsndfile-1.0.31
graphics suppressed, ascii substituted
sr = 96000.0, kr = 96000.000, ksmps = 1
0dBFS level = 32768.0, A4 tuning = 440.0
orch now loaded
audio buffered in 256 sample-frame blocks
writing 512-byte blks of shorts to wftg2_04.wav (WAV)
SECTION 1:
ftable 1:
ftable 1:	65536 points, scalemax 1.000
               _--'''''--_
            _-'           '-_
          _-                 -_
         .                     .
       _'                       '_
      -                           -
    _'                             '_
   .                                 .
  -                                   -
_'_____________________________________'________________________________________
                                        '_                                     .
                                          .                                   .
                                           -                                 -
                                            '_                             _'
                                              .                           -
                                               -_                       _'
                                                 .                     -
                                                  '.                 .'
                                                    '._           _-'
                                                       -.._____.-'
ftable 2:
ftable 2:	128 points, scalemax 260.000
 _









._______________________________________________________________
ftable 3:
ftable 3:	128 points, scalemax 260.000
 _









._______________________________________________________________
new alloc for instr 3:
instr 3:  ifreq = 121.875  ifreq2 = 7.617
B  0.000 ..  6.000 T  6.000 TT  6.000 M:   4000.0
new alloc for instr 1:
instr 1:  ifreq = 520.000  ifreq2 = 1.396
B  6.000 ..  6.250 T  6.250 TT  6.250 M:   8966.9
new alloc for instr 1:
instr 1:  ifreq = 975.000  ifreq2 = 1.396
B  6.250 ..  6.500 T  6.500 TT  6.500 M:  12549.6
new alloc for instr 1:
instr 1:  ifreq = 1430.000  ifreq2 = 1.396
B  6.500 .. 14.500 T 14.500 TT 14.500 M:  12989.5
new alloc for instr 1:
instr 1:  ifreq = 520.000  ifreq2 = 1.396
B 14.500 .. 14.750 T 14.750 TT 14.750 M:   8972.7
new alloc for instr 1:
instr 1:  ifreq = 975.000  ifreq2 = 1.396
B 14.750 .. 15.000 T 15.000 TT 15.000 M:  12858.9
new alloc for instr 1:
instr 1:  ifreq = 1690.000  ifreq2 = 1.396
B 15.000 .. 23.000 T 23.000 TT 23.000 M:  15391.0
instr 1:  ifreq = 520.000  ifreq2 = 1.396
instr 3:  ifreq = 135.417  ifreq2 = 7.617
B 23.000 .. 23.250 T 23.250 TT 23.250 M:   8973.6
instr 1:  ifreq = 975.000  ifreq2 = 1.396
B 23.250 .. 23.500 T 23.500 TT 23.500 M:  12762.7
instr 1:  ifreq = 1430.000  ifreq2 = 1.396
B 23.500 .. 31.500 T 31.500 TT 31.500 M:  12893.5
instr 1:  ifreq = 520.000  ifreq2 = 1.396
instr 3:  ifreq = 121.875  ifreq2 = 7.617
B 31.500 .. 31.750 T 31.750 TT 31.750 M:   8981.9
instr 1:  ifreq = 975.000  ifreq2 = 1.396
B 31.750 .. 32.000 T 32.000 TT 32.000 M:  12624.6
instr 1:  ifreq = 1560.000  ifreq2 = 1.396
B 32.000 .. 33.000 T 33.000 TT 33.000 M:  14496.2
B 33.000 .. 33.250 T 33.250 TT 33.250 M:   7929.3
B 33.250 .. 33.500 T 33.500 TT 33.500 M:   7071.7
B 33.500 .. 41.500 T 41.500 TT 41.500 M:   6400.2
B 41.500 .. 41.750 T 41.750 TT 41.750 M:   4000.2
B 41.750 .. 42.000 T 42.000 TT 42.000 M:   4000.1
B 42.000 .. 43.500 T 43.500 TT 43.500 M:   4000.0
Score finished in csoundPerform().
inactive allocs returned to freespace
end of score.		   overall amps:  15391.0
	   overall samples out of range:        0
0 errors in performance
Elapsed time at end of performance: real: 1.034s, CPU: 1.032s
256 512 sample blks of shorts written to wftg2_04.wav (WAV)
