orchname:  ../wftg2.orc
Elapsed time at end of orchestra compile: real: 0.002s, CPU: 0.002s
sorting score ...
	... done
Elapsed time at end of score sort: real: 0.003s, CPU: 0.003s
--Csound version 6.17 (double samples) 2022-04-08
[commit: none]
libsndfile-1.0.31
graphics suppressed, ascii substituted
sr = 96000.0, kr = 96000.000, ksmps = 1
0dBFS level = 32768.0, A4 tuning = 440.0
orch now loaded
audio buffered in 256 sample-frame blocks
writing 512-byte blks of shorts to wftg2_00.wav (WAV)
SECTION 1:
ftable 1:
ftable 1:	65536 points, scalemax 1.000
               _--'''''--_
            _-'           '-_
          _-                 -_
         .                     .
       _'                       '_
      -                           -
    _'                             '_
   .                                 .
  -                                   -
_'_____________________________________'________________________________________
                                        '_                                     .
                                          .                                   .
                                           -                                 -
                                            '_                             _'
                                              .                           -
                                               -_                       _'
                                                 .                     -
                                                  '.                 .'
                                                    '._           _-'
                                                       -.._____.-'
ftable 2:
ftable 2:	128 points, scalemax 87.000
 _









-_______________________________________________________________
B  0.000 ..  1.000 T  0.800 TT  0.800 M:      0.0
new alloc for instr 1:
WARNING: instr 1 uses 8 p-fields but is given 7
B  1.000 ..  4.000 T  3.200 TT  3.200 M:   9999.6
new alloc for instr 1:
WARNING: instr 1 uses 8 p-fields but is given 7
B  4.000 ..  8.000 T  6.400 TT  6.400 M:  10844.0
new alloc for instr 1:
WARNING: instr 1 uses 8 p-fields but is given 7
B  8.000 .. 11.000 T  8.800 TT  8.800 M:  10290.9
WARNING: instr 1 uses 8 p-fields but is given 7
B 11.000 .. 15.000 T 12.000 TT 12.000 M:  10857.3
WARNING: instr 1 uses 8 p-fields but is given 7
B 15.000 .. 18.000 T 14.400 TT 14.400 M:  10298.3
WARNING: instr 1 uses 8 p-fields but is given 7
B 18.000 .. 22.000 T 17.600 TT 17.600 M:  10876.4
WARNING: instr 1 uses 8 p-fields but is given 7
B 22.000 .. 25.000 T 20.000 TT 20.000 M:  10290.9
WARNING: instr 1 uses 8 p-fields but is given 7
B 25.000 .. 29.000 T 23.200 TT 23.200 M:  10857.3
WARNING: instr 1 uses 8 p-fields but is given 7
B 29.000 .. 31.000 T 24.800 TT 24.800 M:  10298.3
new alloc for instr 1:
WARNING: instr 1 uses 8 p-fields but is given 7
B 31.000 .. 32.000 T 25.600 TT 25.600 M:   4080.5
WARNING: instr 1 uses 8 p-fields but is given 7
new alloc for instr 1:
WARNING: instr 1 uses 8 p-fields but is given 7
B 32.000 .. 34.000 T 27.200 TT 27.200 M:  13414.7
new alloc for instr 1:
WARNING: instr 1 uses 8 p-fields but is given 7
B 34.000 .. 36.000 T 28.800 TT 28.800 M:   4603.6
WARNING: instr 1 uses 8 p-fields but is given 7
new alloc for instr 1:
WARNING: instr 1 uses 8 p-fields but is given 7
B 36.000 .. 39.000 T 31.200 TT 31.200 M:  12387.8
WARNING: instr 1 uses 8 p-fields but is given 7
B 39.000 .. 43.000 T 34.400 TT 34.400 M:  10998.4
WARNING: instr 1 uses 8 p-fields but is given 7
B 43.000 .. 45.000 T 36.000 TT 36.000 M:  10303.7
WARNING: instr 1 uses 8 p-fields but is given 7
B 45.000 .. 46.000 T 36.800 TT 36.800 M:   4079.7
WARNING: instr 1 uses 8 p-fields but is given 7
WARNING: instr 1 uses 8 p-fields but is given 7
B 46.000 .. 48.000 T 38.400 TT 38.400 M:  13414.7
WARNING: instr 1 uses 8 p-fields but is given 7
B 48.000 .. 50.000 T 40.000 TT 40.000 M:   4603.6
WARNING: instr 1 uses 8 p-fields but is given 7
WARNING: instr 1 uses 8 p-fields but is given 7
B 50.000 .. 53.000 T 42.400 TT 42.400 M:  12387.8
WARNING: instr 1 uses 8 p-fields but is given 7
B 53.000 .. 57.000 T 45.600 TT 45.600 M:  10998.4
WARNING: instr 1 uses 8 p-fields but is given 7
B 57.000 .. 59.000 T 47.200 TT 47.200 M:  10303.7
WARNING: instr 1 uses 8 p-fields but is given 7
B 59.000 .. 60.000 T 48.000 TT 48.000 M:   4079.7
WARNING: instr 1 uses 8 p-fields but is given 7
WARNING: instr 1 uses 8 p-fields but is given 7
B 60.000 .. 62.000 T 49.600 TT 49.600 M:  13633.7
WARNING: instr 1 uses 8 p-fields but is given 7
B 62.000 .. 64.000 T 51.200 TT 51.200 M:   4512.8
WARNING: instr 1 uses 8 p-fields but is given 7
WARNING: instr 1 uses 8 p-fields but is given 7
B 64.000 .. 67.000 T 53.600 TT 53.600 M:  12371.0
WARNING: instr 1 uses 8 p-fields but is given 7
B 67.000 .. 71.000 T 56.800 TT 56.800 M:  10957.6
WARNING: instr 1 uses 8 p-fields but is given 7
B 71.000 .. 73.000 T 58.400 TT 58.400 M:  10292.2
WARNING: instr 1 uses 8 p-fields but is given 7
B 73.000 .. 74.000 T 59.200 TT 59.200 M:   4080.7
WARNING: instr 1 uses 8 p-fields but is given 7
WARNING: instr 1 uses 8 p-fields but is given 7
B 74.000 .. 76.000 T 60.800 TT 60.800 M:  13414.7
WARNING: instr 1 uses 8 p-fields but is given 7
B 76.000 .. 78.000 T 62.400 TT 62.400 M:   4603.6
WARNING: instr 1 uses 8 p-fields but is given 7
WARNING: instr 1 uses 8 p-fields but is given 7
B 78.000 .. 81.000 T 64.800 TT 64.800 M:  12387.8
WARNING: instr 1 uses 8 p-fields but is given 7
B 81.000 .. 85.000 T 68.000 TT 68.000 M:  10998.4
WARNING: instr 1 uses 8 p-fields but is given 7
B 85.000 .. 87.000 T 69.600 TT 69.600 M:  10303.7
WARNING: instr 1 uses 8 p-fields but is given 7
B 87.000 .. 88.000 T 70.400 TT 70.400 M:   5122.8
WARNING: instr 1 uses 8 p-fields but is given 7
B 88.000 .. 92.000 T 73.600 TT 73.600 M:  11973.3
WARNING: instr 1 uses 8 p-fields but is given 7
WARNING: instr 1 uses 8 p-fields but is given 7
B 92.000 .. 95.000 T 76.000 TT 76.000 M:  11804.3
WARNING: instr 1 uses 8 p-fields but is given 7
B 95.000 .. 98.000 T 78.400 TT 78.400 M:  11030.5
WARNING: instr 1 uses 8 p-fields but is given 7
B 98.000 .. 99.000 T 79.200 TT 79.200 M:   2966.3
WARNING: instr 1 uses 8 p-fields but is given 7
B 99.000 ..102.000 T 81.600 TT 81.600 M:  11046.6
WARNING: instr 1 uses 8 p-fields but is given 7
B102.000 ..103.000 T 82.400 TT 82.400 M:  10920.0
WARNING: instr 1 uses 8 p-fields but is given 7
B103.000 ..106.000 T 84.800 TT 84.800 M:   6717.1
WARNING: instr 1 uses 8 p-fields but is given 7
B106.000 ..109.000 T 87.200 TT 87.200 M:  10356.5
WARNING: instr 1 uses 8 p-fields but is given 7
B109.000 ..112.000 T 89.600 TT 89.600 M:  10873.0
WARNING: instr 1 uses 8 p-fields but is given 7
B112.000 ..113.000 T 90.400 TT 90.400 M:   3898.6
WARNING: instr 1 uses 8 p-fields but is given 7
B113.000 ..116.000 T 92.800 TT 92.800 M:  11513.8
WARNING: instr 1 uses 8 p-fields but is given 7
B116.000 ..117.000 T 93.600 TT 93.600 M:  10995.3
WARNING: instr 1 uses 8 p-fields but is given 7
B117.000 ..120.000 T 96.000 TT 96.000 M:   6806.7
WARNING: instr 1 uses 8 p-fields but is given 7
B120.000 ..123.000 T 98.400 TT 98.400 M:  10392.9
WARNING: instr 1 uses 8 p-fields but is given 7
B123.000 ..124.000 T 99.200 TT 99.200 M:  10869.6
WARNING: instr 1 uses 8 p-fields but is given 7
B124.000 ..127.000 T101.600 TT101.600 M:   6970.4
WARNING: instr 1 uses 8 p-fields but is given 7
B127.000 ..128.000 T102.400 TT102.400 M:  10346.0
WARNING: instr 1 uses 8 p-fields but is given 7
B128.000 ..130.000 T104.000 TT104.000 M:   6624.4
WARNING: instr 1 uses 8 p-fields but is given 7
B130.000 ..134.000 T107.200 TT107.200 M:  11279.2
WARNING: instr 1 uses 8 p-fields but is given 7
B134.000 ..137.000 T109.600 TT109.600 M:  10304.6
WARNING: instr 1 uses 8 p-fields but is given 7
B137.000 ..140.000 T112.000 TT112.000 M:  10857.7
WARNING: instr 1 uses 8 p-fields but is given 7
B140.000 ..144.000 T115.200 TT115.200 M:  10776.4
WARNING: instr 1 uses 8 p-fields but is given 7
B144.000 ..147.000 T117.600 TT117.600 M:  10385.0
WARNING: instr 1 uses 8 p-fields but is given 7
B147.000 ..151.000 T120.800 TT120.800 M:  10868.2
WARNING: instr 1 uses 8 p-fields but is given 7
WARNING: instr 1 uses 8 p-fields but is given 7
B151.000 ..154.000 T123.200 TT123.200 M:  11730.1
WARNING: instr 1 uses 8 p-fields but is given 7
B154.000 ..156.000 T124.800 TT124.800 M:  10843.0
WARNING: instr 1 uses 8 p-fields but is given 7
B156.000 ..158.000 T126.400 TT126.400 M:   4188.6
WARNING: instr 1 uses 8 p-fields but is given 7
B158.000 ..161.000 T128.800 TT128.800 M:  10409.4
WARNING: instr 1 uses 8 p-fields but is given 7
B161.000 ..163.000 T130.400 TT130.400 M:  10849.3
WARNING: instr 1 uses 8 p-fields but is given 7
B163.000 ..165.000 T132.000 TT132.000 M:   4002.6
WARNING: instr 1 uses 8 p-fields but is given 7
B165.000 ..167.000 T133.600 TT133.600 M:  10639.7
WARNING: instr 1 uses 8 p-fields but is given 7
B167.000 ..168.000 T134.400 TT134.400 M:   4080.8
WARNING: instr 1 uses 8 p-fields but is given 7
B168.000 ..172.000 T137.600 TT137.600 M:  11323.4
WARNING: instr 1 uses 8 p-fields but is given 7
B172.000 ..175.000 T140.000 TT140.000 M:  10380.2
WARNING: instr 1 uses 8 p-fields but is given 7
B175.000 ..176.000 T140.800 TT140.800 M:  10838.3
WARNING: instr 1 uses 8 p-fields but is given 7
B176.000 ..179.000 T143.200 TT143.200 M:   8508.4
WARNING: instr 1 uses 8 p-fields but is given 7
B179.000 ..181.000 T144.800 TT144.800 M:  10632.4
WARNING: instr 1 uses 8 p-fields but is given 7
B181.000 ..182.000 T145.600 TT145.600 M:   5828.1
WARNING: instr 1 uses 8 p-fields but is given 7
B182.000 ..186.000 T148.800 TT148.800 M:  12502.2
WARNING: instr 1 uses 8 p-fields but is given 7
B186.000 ..188.000 T150.400 TT150.400 M:  10447.6
WARNING: instr 1 uses 8 p-fields but is given 7
B188.000 ..189.000 T151.200 TT151.200 M:   5694.7
WARNING: instr 1 uses 8 p-fields but is given 7
B189.000 ..192.000 T153.600 TT153.600 M:  12071.5
WARNING: instr 1 uses 8 p-fields but is given 7
B192.000 ..193.000 T154.400 TT154.400 M:   5045.5
WARNING: instr 1 uses 8 p-fields but is given 7
B193.000 ..196.000 T156.800 TT156.800 M:   8557.5
WARNING: instr 1 uses 8 p-fields but is given 7
B196.000 ..200.000 T160.000 TT160.000 M:   5726.6
WARNING: instr 1 uses 8 p-fields but is given 7
B200.000 ..203.000 T162.400 TT162.400 M:   5198.5
WARNING: instr 1 uses 8 p-fields but is given 7
B203.000 ..207.000 T165.600 TT165.600 M:   5439.2
WARNING: instr 1 uses 8 p-fields but is given 7
B207.000 ..217.000 T173.600 TT173.600 M:   5217.6
WARNING: instr 1 uses 8 p-fields but is given 7
B217.000 ..221.000 T176.800 TT176.800 M:   9999.6
WARNING: instr 1 uses 8 p-fields but is given 7
B221.000 ..224.000 T179.200 TT179.200 M:  10385.2
WARNING: instr 1 uses 8 p-fields but is given 7
B224.000 ..228.000 T182.400 TT182.400 M:  10868.2
WARNING: instr 1 uses 8 p-fields but is given 7
B228.000 ..231.000 T184.800 TT184.800 M:  10387.8
WARNING: instr 1 uses 8 p-fields but is given 7
B231.000 ..235.000 T188.000 TT188.000 M:  10890.1
WARNING: instr 1 uses 8 p-fields but is given 7
B235.000 ..238.000 T190.400 TT190.400 M:  10385.0
WARNING: instr 1 uses 8 p-fields but is given 7
B238.000 ..242.000 T193.600 TT193.600 M:  10868.2
WARNING: instr 1 uses 8 p-fields but is given 7
B242.000 ..245.000 T196.000 TT196.000 M:  10387.8
B245.000 ..248.000 T198.400 TT198.400 M:    963.3
B248.000 ..252.000 T201.600 TT201.600 M:     82.3
Score finished in csoundPerform().
inactive allocs returned to freespace
end of score.		   overall amps:  13633.7
	   overall samples out of range:        0
0 errors in performance
Elapsed time at end of performance: real: 5.278s, CPU: 5.270s
256 512 sample blks of shorts written to wftg2_00.wav (WAV)
