0dBFS level = 32768.0
--Csound version 6.14 (double samples) 2020-11-20
[commit: none]
libsndfile-1.0.31
orchname:  ../wftg2.orc
rtaudio: ALSA module enabled
rtmidi: ALSA Raw MIDI module enabled
Elapsed time at end of orchestra compile: real: 0.008s, CPU: 0.008s
sorting score ...
	... done
Elapsed time at end of score sort: real: 0.008s, CPU: 0.008s
graphics suppressed, ascii substituted
0dBFS level = 32768.0
orch now loaded
audio buffered in 256 sample-frame blocks
writing 512-byte blks of shorts to wftg2_05.wav (WAV)
SECTION 1:
ftable 1:
ftable 1:	65536 points, scalemax 1.000
               _--'''''--_
            _-'           '-_
          _-                 -_
         .                     .
       _'                       '_
      -                           -
    _'                             '_
   .                                 .
  -                                   -
_'_____________________________________'________________________________________
                                        '_                                     .
                                          .                                   .
                                           -                                 -
                                            '_                             _'
                                              .                           -
                                               -_                       _'
                                                 .                     -
                                                  '.                 .'
                                                    '._           _-'
                                                       -.._____.-'
ftable 2:
ftable 2:	128 points, scalemax 260.000
 _









._______________________________________________________________
new alloc for instr 3:
instr 3:  ifreq = 110.000  ifreq2 = -1.000
new alloc for instr 3:
instr 3:  ifreq = 110.000  ifreq2 = 112.000
new alloc for instr 3:
instr 3:  ifreq = 110.000  ifreq2 = 108.000
B  0.000 ..185.000 T185.000 TT185.000 M:  12000.0
Score finished in csoundPerform().
inactive allocs returned to freespace
end of score.		   overall amps:  12000.0
	   overall samples out of range:        0
0 errors in performance
Elapsed time at end of performance: real: 14.630s, CPU: 14.543s
256 512 sample blks of shorts written to wftg2_05.wav (WAV)
