0dBFS level = 32768.0
--Csound version 6.10 (double samples) Apr 25 2018 
[commit: none]
libsndfile-1.0.28
orchname:  tones.orc
rtaudio: ALSA module enabled
rtmidi: ALSA Raw MIDI module enabled
Elapsed time at end of orchestra compile: real: 0.001s, CPU: 0.001s
sorting score ...
	... done
Elapsed time at end of score sort: real: 0.001s, CPU: 0.001s
graphics suppressed, ascii substituted
0dBFS level = 32768.0
orch now loaded
audio buffered in 256 sample-frame blocks
writing 512-byte blks of shorts to tones.wav (WAV)
SECTION 1:
ftable 1:
ftable 1:	65536 points, scalemax 1.000
               _--'''''--_
            _-'           '-_
          _-                 -_
         .                     .
       _'                       '_
      -                           -
    _'                             '_
   .                                 .
  -                                   -
_'_____________________________________'________________________________________
                                        '_                                     .
                                          .                                   .
                                           -                                 -
                                            '_                             _'
                                              .                           -
                                               -_                       _'
                                                 .                     -
                                                  '.                 .'
                                                    '._           _-'
                                                       -.._____.-'
new alloc for instr 1:
B  0.000 ..  3.000 T  3.000 TT  3.000 M:  10000.0
B  3.000 ..  7.000 T  7.000 TT  7.000 M:  10000.0
new alloc for instr 1:
B  7.000 .. 37.000 T 37.000 TT 37.000 M:  10000.0
Score finished in csoundPerform().
inactive allocs returned to freespace
end of score.		   overall amps:  10000.0
	   overall samples out of range:        0
0 errors in performance
Elapsed time at end of performance: real: 0.267s, CPU: 0.266s
256 512 sample blks of shorts written to tones.wav (WAV)
