0dBFS level = 32768.0
--Csound version 6.10 (double samples) Apr 25 2018 
[commit: none]
libsndfile-1.0.28
orchname:  bluecube.orc
rtaudio: ALSA module enabled
rtmidi: ALSA Raw MIDI module enabled
Elapsed time at end of orchestra compile: real: 0.004s, CPU: 0.004s
sorting score ...
	... done
Elapsed time at end of score sort: real: 0.004s, CPU: 0.004s
graphics suppressed, ascii substituted
0dBFS level = 32768.0
orch now loaded
audio buffered in 256 sample-frame blocks
writing 1024-byte blks of shorts to bluecube.wav (WAV)
SECTION 1:
ftable 1:
ftable 1:	512 points, scalemax 1.000
              .-'''''-._
           _-'          '.
          -               '.
        .'                  -_
       -                      .
     _'                        -
    .                           '_
   -                              _
  -                                .
_'__________________________________._____________________________________
                                     -                                  _'
                                      '                                _
                                       '_                             .
                                         .                           -
                                          -                         -
                                           '_                     _'
                                             .                   -
                                              '_               .'
                                                -_           .'
                                                  '-._____.-'
ftable 2:
ftable 2:	512 points, scalemax 1.000
_

 '
  '_
    .
     -_
       -_
         -_
           '-._
               '-..__
_____________________''----......_________________________________________
ftable 3:
ftable 3:	512 points, scalemax 1.000
 '                                                           _

                        _
          _
           -  _                                    -
                                      '
    -  '         -  _                          -                -  .  _
                       '         '   -          _   .       -       -  '
                              -                       ''         .
_______________.__________________-_______-__-.__________.-_______________
                           ..  -'        '  -
  -  -          ' '  '   '                 .
                   .                    _                                -
                          _         -                -  .     .      _
   -  -  .   .                     .              -               -
                                                           -
                      '                          -
                                                               -
            -
                                                                        -
ftable 4:
ftable 4:	512 points, scalemax 1.000
              .-'''''-._
           _-'          '.
          -               '.
        .'                  -_
       -                      .
     _'                        -
    .                           '_
   -                              _
  -                                .
_'__________________________________._____________________________________
                                     -                                  _'
                                      '                                _
                                       '_                             .
                                         .                           -
                                          -                         -
                                           '_                     _'
                                             .                   -
                                              '_               .'
                                                -_           .'
                                                  '-._____.-'
ftable 8:
ftable 8:	512 points, scalemax 1.000
_
 .
  -
   '.
     '.
       '._
          -._
             -._
                ''-.__
                      '---..___
_______________________________''''-----........._________________________
ftable 9:
ftable 9:	512 points, scalemax 1.000
__________________________________________________________________________
ftable 10:
ftable 10:	512 points, scalemax 1.000
       '.
      .  -_
     _     .
            -
    -        '____________________________________________
   _                                                      -._
                                                             '._
  '                                                             '-_
 .                                                                 '-.
______________________________________________________________________'-._
ftable 11:
ftable 11:	2048 points, scalemax 1.000
               .-''''''-._
            _-'           '.
          _-                '.
         -                    '_
       .'                       -
      -                          '_
    _'                             .
   .                                -
  -                                  '_
_'_____________________________________._______________________________________
                                        -                                     .
                                         -                                   -
                                          '_                               _'
                                            .                             .
                                             -                           -
                                              '.                       _'
                                                -_                    -
                                                  -_                .'
                                                    -_           _.'
                                                      '-._____..'
ftable 13:
ftable 13:	1024 points, scalemax 1.000
                  _-'.
                _-    '.
              _-        '.
            _-            '.
          _-                '.
        _-                    '.
      _-                        '_
    _-                            -_
  _-                                -_
_-____________________________________-________________________________________
                                        -_                                   _-
                                          -_                               _-
                                            -_                           _-
                                              -_                       _-
                                                -_                   _-
                                                  -_               _-
                                                    -_           _-
                                                      -_        -
                                                        -_    .'
                                                          -_.'
ftable 14:
ftable 14:	512 points, scalemax 1.000
___









__________________________________________________________________________
ftable 15:
ftable 15:	512 points, scalemax 1.000
                                                                         _
                                                                  __..--'
                                                           __..-''
                                                    _..--''
                                            __..--''
                                     __..-''
                              __.--''
                      __..--''
               __..--'
        __.--''
__..--''__________________________________________________________________
ftable 16:
ftable 16:	512 points, scalemax 1.000
_
 '--..__
        ''-..__
               ''--.._
                      ''--..__
                              ''-..__
                                     ''--.._
                                            ''--..__
                                                    ''-..__
                                                           ''--.._
__________________________________________________________________''--..__
ftable 17:
ftable 17:	1024 points, scalemax 1.000
                _.-''-._
            _.-'        '-._
        _.-'                '-._
    _.-'                        '-._
_.-'                                '-._
                                        '-._                               _.-'
                                            '-._                       _.-'
                                                '-._               _.-'
                                                    '-._        .-'
________________________________________________________'-.__.-'_______________
ftable 18:
ftable 18:	512 points, scalemax 1.000
                                                                         _
                                                                        .
                                                                       -
                                                                     .'
                                                                   .'
                                                                _.'
                                                             _.-
                                                          _.-
                                                    __.-''
                                           ___..---'
_________________________.........-----''''_______________________________
ftable 20:
ftable 20:	1024 points, scalemax 1.000
  .-


    -
 '
                  --
                 '  -                                                  '-
     _     .-_  -    .    _      --_                                  _
              --      . _' '_  _'   _                                    _
__________'____________'_____--______._________________________________________
                                      ''  -     _._     _            -
      _  .                                 -   .   -_ .' .      ..
                                            -.-      '    .    -  -_'
       _.                                                     .           '
                                                           '_.                .


                                                                           .
                                                                             _
                                                                            _
new alloc for instr 2:
new alloc for instr 3:
new alloc for instr 98:
new alloc for instr 99:
B  0.000 ..  0.500 T  0.500 TT  0.500 M:   5996.6   1442.3
B  0.500 ..  0.750 T  0.750 TT  0.750 M:   2138.3   2138.7
B  0.750 ..  0.850 T  0.850 TT  0.850 M:   1374.3   3392.4
new alloc for instr 3:
B  0.850 ..  5.000 T  5.000 TT  5.000 M:   3483.4   1929.1
new alloc for instr 1:
B  5.000 .. 10.000 T 10.000 TT 10.000 M:   2286.4   2628.4
new alloc for instr 1:
new alloc for instr 2:
B 10.000 .. 10.250 T 10.250 TT 10.250 M:   2465.3   3867.1
B 10.250 .. 10.500 T 10.500 TT 10.500 M:   3188.4   3285.2
B 10.500 .. 20.000 T 20.000 TT 20.000 M:   6704.0   6998.5
new alloc for instr 2:
B 20.000 .. 23.000 T 23.000 TT 23.000 M:   3749.1   4776.8
B 23.000 .. 30.000 T 30.000 TT 30.000 M:   4982.6   4676.3
new alloc for instr 2:
new alloc for instr 4:
B 30.000 .. 35.000 T 35.000 TT 35.000 M:   4230.4   5775.7
B 35.000 .. 35.250 T 35.250 TT 35.250 M:   4725.1   2659.6
B 35.250 .. 35.500 T 35.500 TT 35.500 M:   7032.8   5942.4
B 35.500 .. 35.750 T 35.750 TT 35.750 M:   8783.4   5025.1
B 35.750 .. 35.900 T 35.900 TT 35.900 M:   4954.5  10366.8
B 35.900 .. 45.000 T 45.000 TT 45.000 M:   6858.0   6203.7
B 45.000 .. 46.500 T 46.500 TT 46.500 M:   5227.8  11725.2
B 46.500 .. 47.500 T 47.500 TT 47.500 M:   7891.8   6514.9
B 47.500 .. 48.500 T 48.500 TT 48.500 M:   8389.7  13320.6
B 48.500 .. 50.000 T 50.000 TT 50.000 M:  12596.5   7262.6
new alloc for instr 2:
B 50.000 .. 60.000 T 60.000 TT 60.000 M:   5681.6   5480.8
B 60.000 .. 61.000 T 61.000 TT 61.000 M:    521.6    791.3
new alloc for instr 5:
B 61.000 .. 61.850 T 61.850 TT 61.850 M:   1461.8   1763.1
B 61.850 .. 62.000 T 62.000 TT 62.000 M:    980.6   1162.2
new alloc for instr 5:
B 62.000 .. 62.750 T 62.750 TT 62.750 M:   2910.1   1945.6
B 62.750 .. 63.250 T 63.250 TT 63.250 M:   2096.6   2360.3
B 63.250 .. 65.000 T 65.000 TT 65.000 M:   2993.5   2805.2
B 65.000 .. 70.000 T 70.000 TT 70.000 M:   3886.6   4078.0
B 70.000 .. 75.000 T 75.000 TT 75.000 M:   3388.2   4031.5
B 75.000 .. 76.000 T 76.000 TT 76.000 M:   1574.9   1493.7
B 76.000 .. 77.000 T 77.000 TT 77.000 M:   3593.1   2511.0
B 77.000 .. 79.000 T 79.000 TT 79.000 M:   5308.9   4793.3
B 79.000 .. 80.000 T 80.000 TT 80.000 M:   3608.1   3841.5
new alloc for instr 8:
B 80.000 .. 90.000 T 90.000 TT 90.000 M:   3244.5   4183.6
B 90.000 ..100.000 T100.000 TT100.000 M:   2896.6   3392.6
new alloc for instr 6:
B100.000 ..120.000 T120.000 TT120.000 M:   2736.4   2606.2
new alloc for instr 9:
B120.000 ..140.000 T140.000 TT140.000 M:   4413.7   4391.5
B140.000 ..160.000 T160.000 TT160.000 M:   3209.7   3649.5
B160.000 ..170.000 T170.000 TT170.000 M:   1783.5   1861.0
B170.000 ..175.000 T175.000 TT175.000 M:   1817.2   1794.0
B175.000 ..180.000 T180.000 TT180.000 M:   1822.0   1605.0
B180.000 ..186.000 T186.000 TT186.000 M:   2258.5   2287.6
B186.000 ..186.100 T186.100 TT186.100 M:    632.1   4596.6
B186.100 ..186.200 T186.200 TT186.200 M:   1590.1   5147.2
B186.200 ..186.300 T186.300 TT186.300 M:   3589.5   4432.0
B186.300 ..186.400 T186.400 TT186.400 M:   5035.5   3293.4
B186.400 ..186.500 T186.500 TT186.500 M:   6957.9   2532.3
B186.500 ..186.600 T186.600 TT186.600 M:   4398.8   2995.0
B186.600 ..190.000 T190.000 TT190.000 M:   3014.0   3063.7
Score finished in csoundPerform().
inactive allocs returned to freespace
end of score.		   overall amps:  12596.5  13320.6
	   overall samples out of range:        0        0
0 errors in performance
Elapsed time at end of performance: real: 2.336s, CPU: 2.331s
512 1024 sample blks of shorts written to bluecube.wav (WAV)
