orchname:  ../wftg2.orc
Elapsed time at end of orchestra compile: real: 0.002s, CPU: 0.002s
sorting score ...
	... done
Elapsed time at end of score sort: real: 0.002s, CPU: 0.002s
--Csound version 6.17 (double samples) 2022-04-08
[commit: none]
libsndfile-1.0.31
graphics suppressed, ascii substituted
sr = 96000.0, kr = 96000.000, ksmps = 1
0dBFS level = 32768.0, A4 tuning = 440.0
orch now loaded
audio buffered in 256 sample-frame blocks
writing 512-byte blks of shorts to wftg2_01.wav (WAV)
SECTION 1:
ftable 1:
ftable 1:	65536 points, scalemax 1.000
               _--'''''--_
            _-'           '-_
          _-                 -_
         .                     .
       _'                       '_
      -                           -
    _'                             '_
   .                                 .
  -                                   -
_'_____________________________________'________________________________________
                                        '_                                     .
                                          .                                   .
                                           -                                 -
                                            '_                             _'
                                              .                           -
                                               -_                       _'
                                                 .                     -
                                                  '.                 .'
                                                    '._           _-'
                                                       -.._____.-'
ftable 2:
ftable 2:	128 points, scalemax 87.000
 _









-_______________________________________________________________
new alloc for instr 1:
instr 1:  ifreq = 174.000
new alloc for instr 1:
instr 1:  ifreq = 652.500
B  0.000 ..  6.000 T  4.800 TT  4.800 M:  11946.8
new alloc for instr 1:
instr 1:  ifreq = 163.125
new alloc for instr 1:
instr 1:  ifreq = 835.200
B  6.000 .. 12.000 T  9.600 TT  9.600 M:  11874.3
new alloc for instr 1:
instr 1:  ifreq = 195.750
new alloc for instr 1:
instr 1:  ifreq = 580.000
B 12.000 .. 17.000 T 13.600 TT 13.600 M:  11794.5
new alloc for instr 1:
instr 1:  ifreq = 174.000
B 17.000 .. 23.000 T 18.400 TT 18.400 M:  10169.6
instr 1:  ifreq = 174.000
instr 1:  ifreq = 652.500
B 23.000 .. 29.000 T 23.200 TT 23.200 M:  11979.5
instr 1:  ifreq = 163.125
instr 1:  ifreq = 580.000
B 29.000 .. 33.500 T 26.800 TT 26.800 M:  11934.7
instr 1:  ifreq = 522.000
B 33.500 .. 34.000 T 27.200 TT 27.200 M:   2316.8
instr 1:  ifreq = 195.750
new alloc for instr 1:
instr 1:  ifreq = 580.000
new alloc for instr 2:
instr 2:  ifreq = 104.400
B 34.000 .. 39.000 T 31.200 TT 31.200 M:  13065.4
instr 1:  ifreq = 174.000
B 39.000 .. 44.000 T 35.200 TT 35.200 M:  10227.6
instr 1:  ifreq = 174.000
instr 1:  ifreq = 652.500
B 44.000 .. 45.000 T 36.000 TT 36.000 M:  12374.0
new alloc for instr 2:
instr 2:  ifreq = 326.250
B 45.000 .. 50.000 T 40.000 TT 40.000 M:   5995.0
instr 1:  ifreq = 163.125
instr 1:  ifreq = 835.200
B 50.000 .. 52.000 T 41.600 TT 41.600 M:  12664.7
new alloc for instr 2:
instr 2:  ifreq = 783.000
B 52.000 .. 56.000 T 44.800 TT 44.800 M:   3640.1
instr 1:  ifreq = 195.750
instr 1:  ifreq = 580.000
B 56.000 .. 61.000 T 48.800 TT 48.800 M:  13872.1
instr 1:  ifreq = 174.000
B 61.000 .. 67.000 T 53.600 TT 53.600 M:  13363.9
instr 1:  ifreq = 174.000
instr 1:  ifreq = 652.500
B 67.000 .. 73.000 T 58.400 TT 58.400 M:  14851.8
instr 1:  ifreq = 163.125
instr 1:  ifreq = 580.000
B 73.000 .. 77.500 T 62.000 TT 62.000 M:  15599.1
instr 1:  ifreq = 522.000
B 77.500 .. 78.000 T 62.400 TT 62.400 M:   6710.6
instr 1:  ifreq = 195.750
instr 1:  ifreq = 580.000
B 78.000 .. 83.000 T 66.400 TT 66.400 M:  16616.4
instr 1:  ifreq = 174.000
B 83.000 .. 88.000 T 70.400 TT 70.400 M:  14023.8
instr 1:  ifreq = 174.000
instr 1:  ifreq = 652.500
B 88.000 .. 94.000 T 75.200 TT 75.200 M:  16354.2
instr 1:  ifreq = 163.125
instr 1:  ifreq = 835.200
B 94.000 ..100.000 T 80.000 TT 80.000 M:  15667.7
instr 1:  ifreq = 195.750
instr 1:  ifreq = 580.000
B100.000 ..105.000 T 84.000 TT 84.000 M:  15086.2
instr 1:  ifreq = 174.000
B105.000 ..111.000 T 88.800 TT 88.800 M:  12351.2
instr 1:  ifreq = 174.000
instr 1:  ifreq = 652.500
B111.000 ..116.000 T 92.800 TT 92.800 M:  13441.5
instr 2:  ifreq = 1392.000
B116.000 ..117.000 T 93.600 TT 93.600 M:   2191.8
instr 1:  ifreq = 163.125
instr 1:  ifreq = 580.000
B117.000 ..121.500 T 97.200 TT 97.200 M:  13651.8
instr 1:  ifreq = 522.000
B121.500 ..122.000 T 97.600 TT 97.600 M:   4684.3
instr 1:  ifreq = 195.750
instr 1:  ifreq = 580.000
B122.000 ..127.000 T101.600 TT101.600 M:  14741.1
instr 1:  ifreq = 174.000
B127.000 ..130.000 T104.000 TT104.000 M:  12770.2
instr 2:  ifreq = 1305.000
B130.000 ..132.000 T105.600 TT105.600 M:   3866.7
instr 1:  ifreq = 174.000
instr 1:  ifreq = 652.500
B132.000 ..138.000 T110.400 TT110.400 M:  14293.5
instr 1:  ifreq = 163.125
instr 1:  ifreq = 835.200
B138.000 ..144.000 T115.200 TT115.200 M:  14232.9
instr 1:  ifreq = 195.750
instr 1:  ifreq = 580.000
B144.000 ..145.000 T116.000 TT116.000 M:  13559.8
new alloc for instr 2:
instr 2:  ifreq = 652.500
new alloc for instr 2:
instr 2:  ifreq = 348.000
B145.000 ..149.000 T119.200 TT119.200 M:   7223.6
instr 1:  ifreq = 174.000
B149.000 ..155.000 T124.000 TT124.000 M:  12850.1
instr 1:  ifreq = 174.000
instr 1:  ifreq = 652.500
B155.000 ..161.000 T128.800 TT128.800 M:  13568.6
instr 1:  ifreq = 163.125
instr 1:  ifreq = 580.000
B161.000 ..165.500 T132.400 TT132.400 M:  13852.5
instr 1:  ifreq = 522.000
B165.500 ..166.000 T132.800 TT132.800 M:   2570.8
instr 1:  ifreq = 195.750
instr 1:  ifreq = 580.000
B166.000 ..171.000 T136.800 TT136.800 M:  13308.3
instr 1:  ifreq = 174.000
B171.000 ..175.000 T140.000 TT140.000 M:  10157.4
B175.000 ..181.000 T144.800 TT144.800 M:    425.9
B181.000 ..185.500 T148.400 TT148.400 M:      3.5
B185.500 ..186.000 T148.800 TT148.800 M:      0.1
B186.000 ..191.000 T152.800 TT152.800 M:      0.1
Score finished in csoundPerform().
inactive allocs returned to freespace
end of score.		   overall amps:  16616.4
	   overall samples out of range:        0
0 errors in performance
Elapsed time at end of performance: real: 5.658s, CPU: 5.650s
256 512 sample blks of shorts written to wftg2_01.wav (WAV)
