0dBFS level = 32768.0
--Csound version 6.10 (double samples) Apr 25 2018 
[commit: none]
libsndfile-1.0.28
orchname:  intro.orc
rtaudio: ALSA module enabled
rtmidi: ALSA Raw MIDI module enabled
Elapsed time at end of orchestra compile: real: 0.001s, CPU: 0.001s
sorting score ...
	... done
Elapsed time at end of score sort: real: 0.001s, CPU: 0.001s
graphics suppressed, ascii substituted
0dBFS level = 32768.0
orch now loaded
audio buffered in 256 sample-frame blocks
writing 512-byte blks of shorts to intro.wav (WAV)
SECTION 1:
ftable 1:
ftable 1:	256 points, scalemax 1.000
                _
            _-'' ''-_
          .'         '.
        _-             -_
       .                 .
      -                   -
     -                     -
    '                       '
   '                         '
  '                           '
_'_____________________________'________________________________
                                 _                             _
                                  _                           _
                                   _                         _
                                    _                       _
                                     .                     .
                                      .                   .
                                       -                 -
                                        '.             .'
                                          -_         _-
                                            '._____.'
new alloc for instr 1:
instr 1:  icps = 440.000
B  0.000 ..  0.500 T  1.000 TT  1.000 M:   9993.2
instr 1:  icps = 445.130
B  0.500 ..  1.000 T  2.000 TT  2.000 M:   9987.9
instr 1:  icps = 445.130
B  1.000 ..  1.500 T  3.000 TT  3.000 M:   9987.9
instr 1:  icps = 447.699
B  1.500 ..  2.000 T  4.000 TT  4.000 M:   9988.7
instr 1:  icps = 466.177
B  2.000 ..  2.500 T  5.000 TT  5.000 M:   9987.9
instr 1:  icps = 277.190
new alloc for instr 1:
instr 1:  icps = 311.127
new alloc for instr 1:
instr 1:  icps = 369.994
B  2.500 ..  3.500 T  7.000 TT  7.000 M:  28344.8
Score finished in csoundPerform().
inactive allocs returned to freespace
end of score.		   overall amps:  28344.8
	   overall samples out of range:        0
0 errors in performance
Elapsed time at end of performance: real: 0.012s, CPU: 0.011s
256 512 sample blks of shorts written to intro.wav (WAV)
