orchname:  ../wftg2.orc
Elapsed time at end of orchestra compile: real: 0.001s, CPU: 0.001s
sorting score ...
	... done
Elapsed time at end of score sort: real: 0.002s, CPU: 0.002s
--Csound version 6.17 (double samples) 2022-04-08
[commit: none]
libsndfile-1.0.31
graphics suppressed, ascii substituted
sr = 96000.0, kr = 96000.000, ksmps = 1
0dBFS level = 32768.0, A4 tuning = 440.0
orch now loaded
audio buffered in 256 sample-frame blocks
writing 512-byte blks of shorts to wftg2_02.wav (WAV)
SECTION 1:
ftable 1:
ftable 1:	65536 points, scalemax 1.000
               _--'''''--_
            _-'           '-_
          _-                 -_
         .                     .
       _'                       '_
      -                           -
    _'                             '_
   .                                 .
  -                                   -
_'_____________________________________'________________________________________
                                        '_                                     .
                                          .                                   .
                                           -                                 -
                                            '_                             _'
                                              .                           -
                                               -_                       _'
                                                 .                     -
                                                  '.                 .'
                                                    '._           _-'
                                                       -.._____.-'
ftable 2:
ftable 2:	128 points, scalemax 87.000
 _









-_______________________________________________________________
new alloc for instr 3:
instr 3:  ifreq = 174.000
B  0.000 ..  0.200 T  0.160 TT  0.160 M:   5000.0
instr 3:  ifreq = 174.000
B  0.200 ..  0.400 T  0.320 TT  0.320 M:   5000.0
instr 3:  ifreq = 174.000
B  0.400 ..  0.600 T  0.480 TT  0.480 M:   5000.0
instr 3:  ifreq = 174.000
B  0.600 ..  0.800 T  0.640 TT  0.640 M:   5000.0
instr 3:  ifreq = 174.000
B  0.800 ..  1.000 T  0.800 TT  0.800 M:   5000.0
instr 3:  ifreq = 174.000
B  1.000 ..  1.200 T  0.960 TT  0.960 M:   5000.0
instr 3:  ifreq = 174.000
B  1.200 ..  1.400 T  1.120 TT  1.120 M:   5000.0
instr 3:  ifreq = 174.000
B  1.400 ..  1.600 T  1.280 TT  1.280 M:   5000.0
instr 3:  ifreq = 174.000
B  1.600 ..  1.800 T  1.440 TT  1.440 M:   5000.0
instr 3:  ifreq = 174.000
B  1.800 ..  2.000 T  1.600 TT  1.600 M:   5000.0
instr 3:  ifreq = 174.000
B  2.000 ..  2.200 T  1.760 TT  1.760 M:   5000.0
instr 3:  ifreq = 174.000
B  2.200 ..  2.400 T  1.920 TT  1.920 M:   5000.0
instr 3:  ifreq = 174.000
B  2.400 ..  2.600 T  2.080 TT  2.080 M:   5000.0
instr 3:  ifreq = 174.000
B  2.600 ..  2.800 T  2.240 TT  2.240 M:   5000.0
instr 3:  ifreq = 174.000
B  2.800 ..  3.000 T  2.400 TT  2.400 M:   5000.0
instr 3:  ifreq = 174.000
B  3.000 ..  3.200 T  2.560 TT  2.560 M:   5000.0
instr 3:  ifreq = 174.000
B  3.200 ..  3.400 T  2.720 TT  2.720 M:   5000.0
instr 3:  ifreq = 174.000
B  3.400 ..  3.600 T  2.880 TT  2.880 M:   5000.0
instr 3:  ifreq = 174.000
B  3.600 ..  3.800 T  3.040 TT  3.040 M:   5000.0
instr 3:  ifreq = 174.000
B  3.800 ..  4.000 T  3.200 TT  3.200 M:   5000.0
instr 3:  ifreq = 174.000
B  4.000 ..  4.200 T  3.360 TT  3.360 M:   5000.0
instr 3:  ifreq = 174.000
B  4.200 ..  4.400 T  3.520 TT  3.520 M:   5000.0
instr 3:  ifreq = 174.000
B  4.400 ..  4.600 T  3.680 TT  3.680 M:   5000.0
instr 3:  ifreq = 174.000
B  4.600 ..  4.800 T  3.840 TT  3.840 M:   5000.0
instr 3:  ifreq = 174.000
B  4.800 ..  5.000 T  4.000 TT  4.000 M:   5000.0
instr 3:  ifreq = 174.000
B  5.000 ..  5.200 T  4.160 TT  4.160 M:   5000.0
instr 3:  ifreq = 174.000
B  5.200 ..  5.400 T  4.320 TT  4.320 M:   5000.0
instr 3:  ifreq = 174.000
B  5.400 ..  5.600 T  4.480 TT  4.480 M:   5000.0
instr 3:  ifreq = 174.000
B  5.600 ..  5.800 T  4.640 TT  4.640 M:   5000.0
instr 3:  ifreq = 174.000
B  5.800 ..  6.000 T  4.800 TT  4.800 M:   5000.0
instr 3:  ifreq = 174.000
B  6.000 ..  6.200 T  4.960 TT  4.960 M:   5000.0
instr 3:  ifreq = 174.000
B  6.200 ..  6.400 T  5.120 TT  5.120 M:   5000.0
instr 3:  ifreq = 174.000
B  6.400 ..  6.600 T  5.280 TT  5.280 M:   5000.0
instr 3:  ifreq = 174.000
B  6.600 ..  6.800 T  5.440 TT  5.440 M:   5000.0
instr 3:  ifreq = 174.000
B  6.800 ..  7.000 T  5.600 TT  5.600 M:   5000.0
instr 3:  ifreq = 174.000
B  7.000 ..  7.200 T  5.760 TT  5.760 M:   5000.0
instr 3:  ifreq = 174.000
B  7.200 ..  7.400 T  5.920 TT  5.920 M:   5000.0
instr 3:  ifreq = 174.000
B  7.400 ..  7.600 T  6.080 TT  6.080 M:   5000.0
instr 3:  ifreq = 174.000
B  7.600 ..  7.800 T  6.240 TT  6.240 M:   5000.0
instr 3:  ifreq = 174.000
B  7.800 ..  8.000 T  6.400 TT  6.400 M:   5000.0
instr 3:  ifreq = 174.000
B  8.000 ..  8.200 T  6.560 TT  6.560 M:   5000.0
instr 3:  ifreq = 174.000
B  8.200 ..  8.400 T  6.720 TT  6.720 M:   5000.0
instr 3:  ifreq = 174.000
B  8.400 ..  8.600 T  6.880 TT  6.880 M:   5000.0
instr 3:  ifreq = 174.000
B  8.600 ..  8.800 T  7.040 TT  7.040 M:   5000.0
instr 3:  ifreq = 174.000
B  8.800 ..  9.000 T  7.200 TT  7.200 M:   5000.0
instr 3:  ifreq = 174.000
B  9.000 ..  9.200 T  7.360 TT  7.360 M:   5000.0
instr 3:  ifreq = 174.000
B  9.200 ..  9.400 T  7.520 TT  7.520 M:   5000.0
instr 3:  ifreq = 174.000
B  9.400 ..  9.600 T  7.680 TT  7.680 M:   5000.0
instr 3:  ifreq = 174.000
B  9.600 ..  9.800 T  7.840 TT  7.840 M:   5000.0
instr 3:  ifreq = 174.000
B  9.800 .. 10.000 T  8.000 TT  8.000 M:   5000.0
instr 3:  ifreq = 174.000
B 10.000 .. 10.200 T  8.160 TT  8.160 M:   5000.0
instr 3:  ifreq = 174.000
B 10.200 .. 10.400 T  8.320 TT  8.320 M:   5000.0
instr 3:  ifreq = 174.000
B 10.400 .. 10.600 T  8.480 TT  8.480 M:   5000.0
instr 3:  ifreq = 174.000
B 10.600 .. 10.800 T  8.640 TT  8.640 M:   5000.0
instr 3:  ifreq = 174.000
B 10.800 .. 11.000 T  8.800 TT  8.800 M:   5000.0
instr 3:  ifreq = 174.000
B 11.000 .. 11.200 T  8.960 TT  8.960 M:   5000.0
instr 3:  ifreq = 174.000
B 11.200 .. 11.400 T  9.120 TT  9.120 M:   5000.0
instr 3:  ifreq = 174.000
B 11.400 .. 11.600 T  9.280 TT  9.280 M:   5000.0
instr 3:  ifreq = 174.000
B 11.600 .. 11.800 T  9.440 TT  9.440 M:   5000.0
instr 3:  ifreq = 174.000
B 11.800 .. 12.000 T  9.600 TT  9.600 M:   5000.0
instr 3:  ifreq = 174.000
B 12.000 .. 12.200 T  9.760 TT  9.760 M:   5000.0
instr 3:  ifreq = 174.000
B 12.200 .. 12.400 T  9.920 TT  9.920 M:   5000.0
instr 3:  ifreq = 174.000
B 12.400 .. 12.600 T 10.080 TT 10.080 M:   5000.0
instr 3:  ifreq = 174.000
B 12.600 .. 12.800 T 10.240 TT 10.240 M:   5000.0
instr 3:  ifreq = 174.000
B 12.800 .. 13.000 T 10.400 TT 10.400 M:   5000.0
instr 3:  ifreq = 174.000
B 13.000 .. 13.200 T 10.560 TT 10.560 M:   5000.0
instr 3:  ifreq = 174.000
B 13.200 .. 13.400 T 10.720 TT 10.720 M:   5000.0
instr 3:  ifreq = 174.000
B 13.400 .. 13.600 T 10.880 TT 10.880 M:   5000.0
instr 3:  ifreq = 174.000
B 13.600 .. 13.800 T 11.040 TT 11.040 M:   5000.0
instr 3:  ifreq = 174.000
B 13.800 .. 14.000 T 11.200 TT 11.200 M:   5000.0
instr 3:  ifreq = 174.000
B 14.000 .. 14.200 T 11.360 TT 11.360 M:   5000.0
instr 3:  ifreq = 174.000
B 14.200 .. 14.400 T 11.520 TT 11.520 M:   5000.0
instr 3:  ifreq = 174.000
B 14.400 .. 14.600 T 11.680 TT 11.680 M:   5000.0
instr 3:  ifreq = 174.000
B 14.600 .. 14.800 T 11.840 TT 11.840 M:   5000.0
instr 3:  ifreq = 174.000
B 14.800 .. 15.000 T 12.000 TT 12.000 M:   5000.0
instr 3:  ifreq = 174.000
B 15.000 .. 15.200 T 12.160 TT 12.160 M:   5000.0
instr 3:  ifreq = 174.000
B 15.200 .. 15.400 T 12.320 TT 12.320 M:   5000.0
instr 3:  ifreq = 174.000
B 15.400 .. 15.600 T 12.480 TT 12.480 M:   5000.0
instr 3:  ifreq = 174.000
B 15.600 .. 15.800 T 12.640 TT 12.640 M:   5000.0
instr 3:  ifreq = 174.000
B 15.800 .. 16.000 T 12.800 TT 12.800 M:   5000.0
instr 3:  ifreq = 174.000
B 16.000 .. 16.200 T 12.960 TT 12.960 M:   5000.0
instr 3:  ifreq = 174.000
B 16.200 .. 16.400 T 13.120 TT 13.120 M:   5000.0
instr 3:  ifreq = 174.000
B 16.400 .. 16.600 T 13.280 TT 13.280 M:   5000.0
instr 3:  ifreq = 174.000
B 16.600 .. 16.800 T 13.440 TT 13.440 M:   5000.0
instr 3:  ifreq = 174.000
B 16.800 .. 17.000 T 13.600 TT 13.600 M:   5000.0
instr 3:  ifreq = 174.000
B 17.000 .. 17.200 T 13.760 TT 13.760 M:   5000.0
instr 3:  ifreq = 174.000
B 17.200 .. 17.400 T 13.920 TT 13.920 M:   5000.0
instr 3:  ifreq = 174.000
B 17.400 .. 17.600 T 14.080 TT 14.080 M:   5000.0
instr 3:  ifreq = 174.000
B 17.600 .. 17.800 T 14.240 TT 14.240 M:   5000.0
instr 3:  ifreq = 174.000
B 17.800 .. 18.000 T 14.400 TT 14.400 M:   5000.0
instr 3:  ifreq = 174.000
B 18.000 .. 18.200 T 14.560 TT 14.560 M:   5000.0
instr 3:  ifreq = 174.000
B 18.200 .. 18.400 T 14.720 TT 14.720 M:   5000.0
instr 3:  ifreq = 174.000
B 18.400 .. 18.600 T 14.880 TT 14.880 M:   5000.0
instr 3:  ifreq = 174.000
B 18.600 .. 18.800 T 15.040 TT 15.040 M:   5000.0
instr 3:  ifreq = 174.000
B 18.800 .. 19.000 T 15.200 TT 15.200 M:   5000.0
instr 3:  ifreq = 174.000
B 19.000 .. 19.200 T 15.360 TT 15.360 M:   5000.0
instr 3:  ifreq = 174.000
B 19.200 .. 19.400 T 15.520 TT 15.520 M:   5000.0
instr 3:  ifreq = 174.000
B 19.400 .. 19.600 T 15.680 TT 15.680 M:   5000.0
instr 3:  ifreq = 174.000
B 19.600 .. 19.800 T 15.840 TT 15.840 M:   5000.0
instr 3:  ifreq = 174.000
B 19.800 .. 20.000 T 16.000 TT 16.000 M:   5000.0
instr 3:  ifreq = 174.000
B 20.000 .. 20.200 T 16.160 TT 16.160 M:   5000.0
instr 3:  ifreq = 174.000
B 20.200 .. 20.400 T 16.320 TT 16.320 M:   5000.0
instr 3:  ifreq = 174.000
B 20.400 .. 20.600 T 16.480 TT 16.480 M:   5000.0
instr 3:  ifreq = 174.000
B 20.600 .. 20.800 T 16.640 TT 16.640 M:   5000.0
instr 3:  ifreq = 174.000
B 20.800 .. 21.000 T 16.800 TT 16.800 M:   5000.0
instr 3:  ifreq = 174.000
B 21.000 .. 21.200 T 16.960 TT 16.960 M:   5000.0
instr 3:  ifreq = 174.000
B 21.200 .. 21.400 T 17.120 TT 17.120 M:   5000.0
instr 3:  ifreq = 174.000
B 21.400 .. 21.600 T 17.280 TT 17.280 M:   5000.0
instr 3:  ifreq = 174.000
B 21.600 .. 21.800 T 17.440 TT 17.440 M:   5000.0
instr 3:  ifreq = 174.000
B 21.800 .. 22.000 T 17.600 TT 17.600 M:   5000.0
instr 3:  ifreq = 174.000
B 22.000 .. 22.200 T 17.760 TT 17.760 M:   5000.0
instr 3:  ifreq = 174.000
B 22.200 .. 22.400 T 17.920 TT 17.920 M:   5000.0
instr 3:  ifreq = 174.000
B 22.400 .. 22.600 T 18.080 TT 18.080 M:   5000.0
instr 3:  ifreq = 174.000
B 22.600 .. 22.800 T 18.240 TT 18.240 M:   5000.0
instr 3:  ifreq = 174.000
B 22.800 .. 23.000 T 18.400 TT 18.400 M:   5000.0
instr 3:  ifreq = 174.000
B 23.000 .. 23.200 T 18.560 TT 18.560 M:   5000.0
instr 3:  ifreq = 174.000
B 23.200 .. 23.210 T 18.568 TT 18.568 M:   5000.0
Score finished in csoundPerform().
inactive allocs returned to freespace
end of score.		   overall amps:   5000.0
	   overall samples out of range:        0
0 errors in performance
Elapsed time at end of performance: real: 0.118s, CPU: 0.118s
256 512 sample blks of shorts written to wftg2_02.wav (WAV)
