0dBFS level = 32768.0
--Csound version 6.10 (double samples) Apr 25 2018 
[commit: none]
libsndfile-1.0.28
orchname:  notes.orc
rtaudio: ALSA module enabled
rtmidi: ALSA Raw MIDI module enabled
Elapsed time at end of orchestra compile: real: 0.002s, CPU: 0.002s
sorting score ...
	... done
Elapsed time at end of score sort: real: 0.002s, CPU: 0.002s
graphics suppressed, ascii substituted
0dBFS level = 32768.0
orch now loaded
audio buffered in 256 sample-frame blocks
writing 512-byte blks of shorts to notes.wav (WAV)
SECTION 1:
ftable 1:
ftable 1:	65536 points, scalemax 1.000
               _--'''''--_
            _-'           '-_
          _-                 -_
         .                     .
       _'                       '_
      -                           -
    _'                             '_
   .                                 .
  -                                   -
_'_____________________________________'________________________________________
                                        '_                                     .
                                          .                                   .
                                           -                                 -
                                            '_                             _'
                                              .                           -
                                               -_                       _'
                                                 .                     -
                                                  '.                 .'
                                                    '._           _-'
                                                       -.._____.-'
ftable 2:
ftable 2:	65536 points, scalemax 1.000
        -'''-                                   -'''.
      _'     '_                               _'     '_
     _         _                             _         _

    '           '                           '           '
   -             -                         -             .
  _               _                       _               _

 -                 -                     -                 .
________________________________________________________________________________
                    '                                       '
                     .                 .                     .                 -
                                                                              _
                      '               '                       '
                       .             -                         .             -
                        _           _                           _           _
                                                                           _
                         '         '                             '
                          '_     _'                               '_     _'
                            .___-                                   .___-
ftable 3:
ftable 3:	65536 points, scalemax 1.000
     _''-                       -''_                       ''-
    _    -                     -    _                     '   '
          _                   _                          -     -
   .                                 .
           _                 .                          '       '
  -                                   .
            _               _                          '         -
 .                                     _
                                                      -           .
_____________'_____________'____________________________________________________
                                        '            .             _
              .           .
                                         -          _                          '
               _         _                                          '
                                          .                                   -
                _       _                          '                 -
                                           .      _                          -
                 .     .                                              '     _
                  _   _                     '    -                     .
                   ._.                       -__-                       .__'
ftable 4:
ftable 4:	65536 points, scalemax 1.000
    -'-                 -'.                 -'.                 -'.
   _   _               _   _               _   _               _
                                                                   '
                                                              _
  '     '             '     '             '     '                   -

 _       _           _       _           _                   .
                                                 '                   '

________________________________________________________________________________
          '                   '                   '                   '

                                       _                   _                   _
           '       '           '                   '                   -

            _     _             _     _                   .                   .
                                                    '                   '
                                                         _                   _
             '   '               '   '               '                   '
              ._-                 ._-                 ._-                 ._-
ftable 5:
ftable 5:	65536 points, scalemax 1.000
   _'_             .'_             .'_             .'_             .'_

  _   _           _   _           _               _               _
                                      '               '               '

                                                                 _
 '     '         '     -         '     -         '     -               -


________________________________________________________________________________
        '               '               '               '               -


         _     _         _     .         _     .               .               .
                                                         '               '

                              _               _               _               _
          '   '           '               '               '               -

           -_'             -_'             -_'             -_'             -_'
ftable 6:
ftable 6:	65536 points, scalemax 1.000
   '-           -'            '            '.           -'           _'
  _               _          ' '          _                            '
     _         _                                       _  '
                                             '                      _
                            '   '                                       -
 -                 .                     -                 .
      _       _                                       .
                                              '
                           -     .                                 '     _
________________________________________________________________________________
                    '                                       -
       .     .                                 _     -
                          _                                       _
                                  '                                       -
                     .                 -                     _                 '
        _   _                                       .
                         _                      '                _
                                   '  _                                    -  _
         _ _          '                            _          -
          _            _-           ._           '_            _-           ._
ftable 7:
ftable 7:	65536 points, scalemax 1.000
   '          '_         .'          '          --          '          '.
  ' _                               _ '                    - .
             -             -                                          .
                                               -  '                      _
 _              '       '              _
                                                          '   _
     '      _                      '
                            '                      _                 -
                                              '                           _
_________________-_____'________________________________________________________
                                        '                -
      .                           -                            '
           -                 -                                      .
                                             .      -
                  .   -                                                    '   _
                                         -              .
       .                         -                              '
          '                   '             _        _             -
                   . -                                                      - .
        ..          _          _-         '_          _'         -_          _
ftable 8:
ftable 8:	65536 points, scalemax 1.000
  --        -.        -.        -.        -.        -.        -.        -.


                               _         _         _         _         _
 '  '      '  '      '  '         -         -         -         -         -




__________________________________________________._________._________._________
     '         '         '         '         -         -         -         -




      _  _      _  _         .         .         .         .         .         -
                          '         '         '         '         '         '


       .-        .-        .-        .-        .-        .-        .-        .-
ftable 9:
ftable 9:	65536 points, scalemax 1.000
  '        '        '        '        '       _-       ..       -_       '
   -        _               _        -                                    -
          _        - -
 .                            '        .                                .
                                                -              -
                                             _        '  '        _
    _                               .                                      .
             _             -
                  -   .
_________'_____________________-________________________________________________
                                        -                              -
                                                 '   _    _   '
                                            _                      _
     _                             .                                        .
              .           -
        _        '     -
                                '        .                            .        '
                                                  - _      _ -
      _                           _        -                        -        _
       .       --       .'       _        _        _        _        _        _
ftable 10:
ftable 10:	65536 points, scalemax 1.000
  '       '       '       '       '       '       '       '       '       '

 _ _     _ _     _       _       _       .       .       .       .       .
                   '       '       '       '       '       -       -       -





________________________________________._______._______._______._______-_______
    '       '       '       '       -       -       -       -       .       .





               _       _       _       _       _       _       .       .       .
     ' '     '       '       '       -       -       -       -       -       -

      _       _       _       _       _       _       _       _       _       _
ftable 11:
ftable 11:	65536 points, scalemax 1.000
  '      '      -       .      '      '      .       -      '      '      _
                 .     -                      -     .                      '
 -        _                   _        .                            -
                                                           ' _
   _    '                       -    .                            _
                                                      _
               '         -                  .
                                                                         '  .
                  .   -                        '   _
________________________________________________________________________________
           _                 .          -
                                                          '
       -                         .  _                         '
    '                                                            -
              -           .                _           -
                                                                        -    _
                   . -                          ' _
                            _            _                            -        '
      _     '                                            -     _
     -       .      _      _      ''      _      _      .       -      _      _
ftable 12:
ftable 12:	65536 points, scalemax 1.000
  -     -      '      .     -      '      .     -      '      .     -      '
 _       _           _                   .                   .
                             '                   '                   -
                                  _                   .                   .
              ' '                   -                   .                   .

   _   _                   .                   .                   -
                       '                   -                   -

________________________________________.___________________-___________________
          '                   -                   -                   .

             _                   _                   .                   -
                 '                   -                   .                   _

    _ _                   .                   .                   -
                        '                   '                   -
                   _                   _                   _                   .
           '                   -                   -                   -
     _      -     .      _      -     .      _      -     .      _      -     .
new alloc for instr 1:
B  0.000 ..  1.000 T  1.000 TT  1.000 M:  10000.0
B  1.000 ..  2.000 T  2.000 TT  2.000 M:  10000.0
B  2.000 ..  3.000 T  3.000 TT  3.000 M:  10000.0
B  3.000 ..  4.000 T  4.000 TT  4.000 M:  10000.0
B  4.000 ..  5.000 T  5.000 TT  5.000 M:  10000.0
B  5.000 ..  6.000 T  6.000 TT  6.000 M:  10000.0
B  6.000 ..  7.000 T  7.000 TT  7.000 M:  10000.0
B  7.000 ..  8.000 T  8.000 TT  8.000 M:   9999.9
B  8.000 ..  9.000 T  9.000 TT  9.000 M:  10000.0
B  9.000 .. 10.000 T 10.000 TT 10.000 M:  10000.0
B 10.000 .. 11.000 T 11.000 TT 11.000 M:  10000.0
B 11.000 .. 12.000 T 12.000 TT 12.000 M:   9999.9
B 12.000 .. 13.000 T 13.000 TT 13.000 M:   9999.9
Score finished in csoundPerform().
inactive allocs returned to freespace
end of score.		   overall amps:  10000.0
	   overall samples out of range:        0
0 errors in performance
Elapsed time at end of performance: real: 0.051s, CPU: 0.051s
256 512 sample blks of shorts written to notes.wav (WAV)
