orchname:  wftg3.orc
Elapsed time at end of orchestra compile: real: 0.001s, CPU: 0.001s
sorting score ...
	... done
Elapsed time at end of score sort: real: 0.003s, CPU: 0.003s
--Csound version 6.17 (double samples) 2022-04-08
[commit: none]
libsndfile-1.0.31
graphics suppressed, ascii substituted
sr = 96000.0, kr = 96000.000, ksmps = 1
0dBFS level = 32768.0, A4 tuning = 440.0
orch now loaded
audio buffered in 256 sample-frame blocks
writing 512-byte blks of shorts to wftg3_00.wav (WAV)
SECTION 1:
B  0.000 ..  1.000 T  1.000 TT  1.000 M:      0.0
new alloc for instr 1:
B  1.000 ..  1.200 T  1.200 TT  1.200 M:  10000.0
B  1.200 ..  1.400 T  1.400 TT  1.400 M:  10000.0
B  1.400 ..  1.600 T  1.600 TT  1.600 M:  10000.0
B  1.600 ..  1.800 T  1.800 TT  1.800 M:  10000.0
B  1.800 ..  2.000 T  2.000 TT  2.000 M:  10000.0
B  2.000 ..  2.200 T  2.200 TT  2.200 M:  10000.0
B  2.200 ..  2.400 T  2.400 TT  2.400 M:  10000.0
B  2.400 ..  2.600 T  2.600 TT  2.600 M:  10000.0
B  2.600 ..  2.800 T  2.800 TT  2.800 M:  10000.0
B  2.800 ..  3.000 T  3.000 TT  3.000 M:  10000.0
B  3.000 ..  3.200 T  3.200 TT  3.200 M:  10000.0
B  3.200 ..  3.400 T  3.400 TT  3.400 M:  10000.0
B  3.400 ..  3.600 T  3.600 TT  3.600 M:  10000.0
B  3.600 ..  3.800 T  3.800 TT  3.800 M:  10000.0
B  3.800 ..  4.000 T  4.000 TT  4.000 M:  10000.0
B  4.000 ..  4.200 T  4.200 TT  4.200 M:  10000.0
B  4.200 ..  4.400 T  4.400 TT  4.400 M:  10000.0
B  4.400 ..  4.600 T  4.600 TT  4.600 M:  10000.0
B  4.600 ..  4.800 T  4.800 TT  4.800 M:  10000.0
B  4.800 ..  5.000 T  5.000 TT  5.000 M:  10000.0
B  5.000 ..  5.200 T  5.200 TT  5.200 M:  10000.0
B  5.200 ..  5.400 T  5.400 TT  5.400 M:  10000.0
B  5.400 ..  5.600 T  5.600 TT  5.600 M:  10000.0
B  5.600 ..  5.800 T  5.800 TT  5.800 M:  10000.0
B  5.800 ..  6.000 T  6.000 TT  6.000 M:  10000.0
B  6.000 ..  6.200 T  6.200 TT  6.200 M:  10000.0
B  6.200 ..  6.400 T  6.400 TT  6.400 M:  10000.0
B  6.400 ..  6.600 T  6.600 TT  6.600 M:  10000.0
B  6.600 ..  6.800 T  6.800 TT  6.800 M:  10000.0
B  6.800 ..  7.000 T  7.000 TT  7.000 M:  10000.0
B  7.000 ..  7.200 T  7.200 TT  7.200 M:  10000.0
B  7.200 ..  7.400 T  7.400 TT  7.400 M:  10000.0
B  7.400 ..  7.600 T  7.600 TT  7.600 M:  10000.0
B  7.600 ..  7.800 T  7.800 TT  7.800 M:  10000.0
B  7.800 ..  8.000 T  8.000 TT  8.000 M:  10000.0
B  8.000 ..  8.200 T  8.200 TT  8.200 M:  10000.0
B  8.200 ..  8.400 T  8.400 TT  8.400 M:  10000.0
B  8.400 ..  8.600 T  8.600 TT  8.600 M:  10000.0
B  8.600 ..  8.800 T  8.800 TT  8.800 M:  10000.0
B  8.800 ..  9.000 T  9.000 TT  9.000 M:  10000.0
B  9.000 ..  9.200 T  9.200 TT  9.200 M:  10000.0
B  9.200 ..  9.400 T  9.400 TT  9.400 M:  10000.0
B  9.400 ..  9.600 T  9.600 TT  9.600 M:  10000.0
B  9.600 ..  9.800 T  9.800 TT  9.800 M:  10000.0
B  9.800 .. 10.000 T 10.000 TT 10.000 M:  10000.0
new alloc for instr 1:
B 10.000 .. 10.100 T 10.100 TT 10.100 M:  15399.0
B 10.100 .. 10.200 T 10.200 TT 10.200 M:  19996.8
B 10.200 .. 10.300 T 10.300 TT 10.300 M:  19959.7
B 10.300 .. 10.400 T 10.400 TT 10.400 M:  19999.3
B 10.400 .. 10.500 T 10.500 TT 10.500 M:  19927.1
B 10.500 .. 10.600 T 10.600 TT 10.600 M:  19947.9
B 10.600 .. 10.700 T 10.700 TT 10.700 M:  19995.7
B 10.700 .. 10.800 T 10.800 TT 10.800 M:  19997.6
B 10.800 .. 10.900 T 10.900 TT 10.900 M:  19949.2
B 10.900 .. 11.000 T 11.000 TT 11.000 M:  19996.6
B 11.000 .. 11.100 T 11.100 TT 11.100 M:  19999.6
B 11.100 .. 11.200 T 11.200 TT 11.200 M:  18266.6
B 11.200 .. 11.300 T 11.300 TT 11.300 M:  19996.7
B 11.300 .. 11.400 T 11.400 TT 11.400 M:  19959.8
B 11.400 .. 11.500 T 11.500 TT 11.500 M:  19986.5
B 11.500 .. 11.600 T 11.600 TT 11.600 M:  19995.8
B 11.600 .. 11.700 T 11.700 TT 11.700 M:  15397.0
B 11.700 .. 11.800 T 11.800 TT 11.800 M:  19964.6
B 11.800 .. 11.900 T 11.900 TT 11.900 M:  19810.6
B 11.900 .. 12.000 T 12.000 TT 12.000 M:  19991.1
B 12.000 .. 12.200 T 12.200 TT 12.200 M:  10000.0
B 12.200 .. 12.400 T 12.400 TT 12.400 M:  10000.0
B 12.400 .. 12.600 T 12.600 TT 12.600 M:  10000.0
B 12.600 .. 12.800 T 12.800 TT 12.800 M:  10000.0
B 12.800 .. 13.000 T 13.000 TT 13.000 M:  10000.0
B 13.000 .. 13.200 T 13.200 TT 13.200 M:  10000.0
B 13.200 .. 13.400 T 13.400 TT 13.400 M:  10000.0
B 13.400 .. 13.600 T 13.600 TT 13.600 M:  10000.0
B 13.600 .. 13.800 T 13.800 TT 13.800 M:  10000.0
B 13.800 .. 14.000 T 14.000 TT 14.000 M:  10000.0
B 14.000 .. 14.200 T 14.200 TT 14.200 M:  10000.0
B 14.200 .. 14.400 T 14.400 TT 14.400 M:  10000.0
B 14.400 .. 14.600 T 14.600 TT 14.600 M:  10000.0
B 14.600 .. 14.800 T 14.800 TT 14.800 M:  10000.0
B 14.800 .. 14.900 T 14.900 TT 14.900 M:  10000.0
B 14.900 .. 15.000 T 15.000 TT 15.000 M:  19999.6
B 15.000 .. 15.100 T 15.100 TT 15.100 M:  19999.3
B 15.100 .. 15.200 T 15.200 TT 15.200 M:  19927.1
B 15.200 .. 15.300 T 15.300 TT 15.300 M:  19995.6
B 15.300 .. 15.400 T 15.400 TT 15.400 M:  19982.6
B 15.400 .. 15.500 T 15.500 TT 15.500 M:  19855.3
B 15.500 .. 15.600 T 15.600 TT 15.600 M:  19987.1
B 15.600 .. 15.700 T 15.700 TT 15.700 M:  19980.1
B 15.700 .. 15.800 T 15.800 TT 15.800 M:  19972.6
B 15.800 .. 15.900 T 15.900 TT 15.900 M:  19855.3
B 15.900 .. 16.000 T 16.000 TT 16.000 M:  19999.9
B 16.000 .. 16.100 T 16.100 TT 16.100 M:  19768.4
B 16.100 .. 16.200 T 16.200 TT 16.200 M:  19991.5
B 16.200 .. 16.300 T 16.300 TT 16.300 M:  19997.2
B 16.300 .. 16.400 T 16.400 TT 16.400 M:  19996.7
B 16.400 .. 16.500 T 16.500 TT 16.500 M:  19999.6
B 16.500 .. 16.600 T 16.600 TT 16.600 M:  20000.0
B 16.600 .. 16.700 T 16.700 TT 16.700 M:  19998.9
B 16.700 .. 16.800 T 16.800 TT 16.800 M:  19999.6
B 16.800 .. 17.000 T 17.000 TT 17.000 M:  15398.1
B 17.000 .. 17.200 T 17.200 TT 17.200 M:  10000.0
B 17.200 .. 17.400 T 17.400 TT 17.400 M:  10000.0
B 17.400 .. 17.600 T 17.600 TT 17.600 M:  10000.0
B 17.600 .. 17.800 T 17.800 TT 17.800 M:  10000.0
B 17.800 .. 18.000 T 18.000 TT 18.000 M:  10000.0
B 18.000 .. 18.200 T 18.200 TT 18.200 M:  10000.0
B 18.200 .. 18.400 T 18.400 TT 18.400 M:  10000.0
B 18.400 .. 18.600 T 18.600 TT 18.600 M:  10000.0
B 18.600 .. 18.800 T 18.800 TT 18.800 M:  10000.0
B 18.800 .. 19.000 T 19.000 TT 19.000 M:  10000.0
B 19.000 .. 19.200 T 19.200 TT 19.200 M:  10000.0
B 19.200 .. 19.400 T 19.400 TT 19.400 M:  10000.0
B 19.400 .. 19.600 T 19.600 TT 19.600 M:  10000.0
B 19.600 .. 19.800 T 19.800 TT 19.800 M:  10000.0
B 19.800 .. 19.900 T 19.900 TT 19.900 M:  19949.2
B 19.900 .. 20.000 T 20.000 TT 20.000 M:  19996.6
B 20.000 .. 20.100 T 20.100 TT 20.100 M:  19998.5
B 20.100 .. 20.200 T 20.200 TT 20.200 M:  19916.5
B 20.200 .. 20.300 T 20.300 TT 20.300 M:  19997.8
B 20.300 .. 20.400 T 20.400 TT 20.400 M:  19998.4
B 20.400 .. 20.500 T 20.500 TT 20.500 M:  19998.7
B 20.500 .. 20.600 T 20.600 TT 20.600 M:  20000.0
B 20.600 .. 20.700 T 20.700 TT 20.700 M:  15397.0
B 20.700 .. 20.800 T 20.800 TT 20.800 M:  19964.6
B 20.800 .. 20.900 T 20.900 TT 20.900 M:  19810.6
B 20.900 .. 21.000 T 21.000 TT 21.000 M:  19991.1
B 21.000 .. 21.100 T 21.100 TT 21.100 M:  15399.0
B 21.100 .. 21.200 T 21.200 TT 21.200 M:  19996.8
B 21.200 .. 21.300 T 21.300 TT 21.300 M:  19959.7
B 21.300 .. 21.400 T 21.400 TT 21.400 M:  19999.3
B 21.400 .. 21.500 T 21.500 TT 21.500 M:  19927.1
B 21.500 .. 21.600 T 21.600 TT 21.600 M:  19947.9
B 21.600 .. 21.700 T 21.700 TT 21.700 M:  19995.7
B 21.700 .. 21.800 T 21.800 TT 21.800 M:  19997.6
B 21.800 .. 21.900 T 21.900 TT 21.900 M:  19949.2
B 21.900 .. 22.000 T 22.000 TT 22.000 M:  19996.6
B 22.000 .. 22.100 T 22.100 TT 22.100 M:  19999.6
B 22.100 .. 22.200 T 22.200 TT 22.200 M:  18266.6
B 22.200 .. 22.300 T 22.300 TT 22.300 M:  19996.7
B 22.300 .. 22.400 T 22.400 TT 22.400 M:  19959.8
B 22.400 .. 22.600 T 22.600 TT 22.600 M:  10000.0
B 22.600 .. 22.800 T 22.800 TT 22.800 M:  10000.0
B 22.800 .. 23.000 T 23.000 TT 23.000 M:  10000.0
B 23.000 .. 23.200 T 23.200 TT 23.200 M:  10000.0
B 23.200 .. 23.400 T 23.400 TT 23.400 M:  10000.0
B 23.400 .. 23.600 T 23.600 TT 23.600 M:  10000.0
B 23.600 .. 23.800 T 23.800 TT 23.800 M:  10000.0
B 23.800 .. 24.000 T 24.000 TT 24.000 M:  10000.0
B 24.000 .. 24.200 T 24.200 TT 24.200 M:  10000.0
B 24.200 .. 24.400 T 24.400 TT 24.400 M:  10000.0
B 24.400 .. 24.600 T 24.600 TT 24.600 M:  10000.0
B 24.600 .. 24.800 T 24.800 TT 24.800 M:  10000.0
B 24.800 .. 25.000 T 25.000 TT 25.000 M:  10000.0
B 25.000 .. 25.200 T 25.200 TT 25.200 M:  10000.0
B 25.200 .. 25.400 T 25.400 TT 25.400 M:  10000.0
B 25.400 .. 25.600 T 25.600 TT 25.600 M:  10000.0
B 25.600 .. 25.800 T 25.800 TT 25.800 M:  10000.0
B 25.800 .. 26.000 T 26.000 TT 26.000 M:  10000.0
B 26.000 .. 26.200 T 26.200 TT 26.200 M:  10000.0
B 26.200 .. 26.400 T 26.400 TT 26.400 M:  10000.0
B 26.400 .. 26.600 T 26.600 TT 26.600 M:  10000.0
B 26.600 .. 26.800 T 26.800 TT 26.800 M:  10000.0
B 26.800 .. 26.900 T 26.900 TT 26.900 M:  15399.0
B 26.900 .. 27.000 T 27.000 TT 27.000 M:  19996.8
B 27.000 .. 27.100 T 27.100 TT 27.100 M:  19977.0
B 27.100 .. 27.200 T 27.200 TT 27.200 M:  19916.5
B 27.200 .. 27.300 T 27.300 TT 27.300 M:  19982.1
B 27.300 .. 27.400 T 27.400 TT 27.400 M:  19996.6
B 27.400 .. 27.500 T 27.500 TT 27.500 M:  20000.0
B 27.500 .. 27.600 T 27.600 TT 27.600 M:  19999.7
B 27.600 .. 27.700 T 27.700 TT 27.700 M:  19964.5
B 27.700 .. 27.800 T 27.800 TT 27.800 M:  19996.0
B 27.800 .. 27.900 T 27.900 TT 27.900 M:  19994.3
B 27.900 .. 28.000 T 28.000 TT 28.000 M:  19999.3
B 28.000 .. 28.100 T 28.100 TT 28.100 M:  19927.1
B 28.100 .. 28.200 T 28.200 TT 28.200 M:  19999.3
B 28.200 .. 28.300 T 28.300 TT 28.300 M:  19810.6
B 28.300 .. 28.400 T 28.400 TT 28.400 M:  19996.1
B 28.400 .. 28.500 T 28.500 TT 28.500 M:  19977.0
B 28.500 .. 28.600 T 28.600 TT 28.600 M:  19916.5
B 28.600 .. 28.700 T 28.700 TT 28.700 M:  19982.1
B 28.700 .. 28.800 T 28.800 TT 28.800 M:  19996.6
B 28.800 .. 28.900 T 28.900 TT 28.900 M:  20000.0
B 28.900 .. 29.000 T 29.000 TT 29.000 M:  19999.7
B 29.000 .. 29.100 T 29.100 TT 29.100 M:  19998.7
B 29.100 .. 29.200 T 29.200 TT 29.200 M:  20000.0
B 29.200 .. 29.300 T 29.300 TT 29.300 M:  19972.6
B 29.300 .. 29.400 T 29.400 TT 29.400 M:  19992.8
B 29.400 .. 29.500 T 29.500 TT 29.500 M:  19977.3
B 29.500 .. 29.600 T 29.600 TT 29.600 M:  19994.7
B 29.600 .. 29.800 T 29.800 TT 29.800 M:  10000.0
B 29.800 .. 30.000 T 30.000 TT 30.000 M:  10000.0
B 30.000 .. 30.200 T 30.200 TT 30.200 M:  10000.0
B 30.200 .. 30.400 T 30.400 TT 30.400 M:  10000.0
B 30.400 .. 30.600 T 30.600 TT 30.600 M:  10000.0
B 30.600 .. 30.800 T 30.800 TT 30.800 M:  10000.0
B 30.800 .. 31.000 T 31.000 TT 31.000 M:  10000.0
B 31.000 .. 31.200 T 31.200 TT 31.200 M:  10000.0
B 31.200 .. 31.400 T 31.400 TT 31.400 M:  10000.0
B 31.400 .. 31.600 T 31.600 TT 31.600 M:  10000.0
B 31.600 .. 31.800 T 31.800 TT 31.800 M:  10000.0
B 31.800 .. 32.000 T 32.000 TT 32.000 M:  10000.0
B 32.000 .. 32.200 T 32.200 TT 32.200 M:  10000.0
B 32.200 .. 32.400 T 32.400 TT 32.400 M:  10000.0
B 32.400 .. 32.600 T 32.600 TT 32.600 M:  10000.0
B 32.600 .. 32.800 T 32.800 TT 32.800 M:  10000.0
B 32.800 .. 33.000 T 33.000 TT 33.000 M:  10000.0
B 33.000 .. 33.200 T 33.200 TT 33.200 M:  10000.0
B 33.200 .. 33.400 T 33.400 TT 33.400 M:  10000.0
B 33.400 .. 33.600 T 33.600 TT 33.600 M:  10000.0
B 33.600 .. 33.800 T 33.800 TT 33.800 M:  10000.0
B 33.800 .. 34.000 T 34.000 TT 34.000 M:  10000.0
B 34.000 .. 34.200 T 34.200 TT 34.200 M:  10000.0
B 34.200 .. 34.400 T 34.400 TT 34.400 M:  10000.0
B 34.400 .. 34.600 T 34.600 TT 34.600 M:  10000.0
B 34.600 .. 34.800 T 34.800 TT 34.800 M:  10000.0
B 34.800 .. 35.000 T 35.000 TT 35.000 M:  10000.0
B 35.000 .. 35.200 T 35.200 TT 35.200 M:  10000.0
B 35.200 .. 35.400 T 35.400 TT 35.400 M:  10000.0
B 35.400 .. 35.600 T 35.600 TT 35.600 M:  10000.0
B 35.600 .. 35.800 T 35.800 TT 35.800 M:  10000.0
B 35.800 .. 36.000 T 36.000 TT 36.000 M:  10000.0
B 36.000 .. 36.200 T 36.200 TT 36.200 M:  10000.0
B 36.200 .. 36.400 T 36.400 TT 36.400 M:  10000.0
B 36.400 .. 36.500 T 36.500 TT 36.500 M:  10000.0
B 36.500 .. 36.600 T 36.600 TT 36.600 M:  19996.3
B 36.600 .. 36.700 T 36.700 TT 36.700 M:  19967.1
B 36.700 .. 36.800 T 36.800 TT 36.800 M:  19999.7
B 36.800 .. 36.900 T 36.900 TT 36.900 M:  19998.7
B 36.900 .. 37.000 T 37.000 TT 37.000 M:  20000.0
B 37.000 .. 37.100 T 37.100 TT 37.100 M:  19994.7
B 37.100 .. 37.200 T 37.200 TT 37.200 M:  15397.0
B 37.200 .. 37.300 T 37.300 TT 37.300 M:  15397.0
B 37.300 .. 37.400 T 37.400 TT 37.400 M:  19577.3
B 37.400 .. 37.500 T 37.500 TT 37.500 M:  19855.3
B 37.500 .. 37.600 T 37.600 TT 37.600 M:  19999.9
B 37.600 .. 37.700 T 37.700 TT 37.700 M:  19986.5
B 37.700 .. 37.800 T 37.800 TT 37.800 M:  19985.4
B 37.800 .. 37.900 T 37.900 TT 37.900 M:  19991.3
B 37.900 .. 38.000 T 38.000 TT 38.000 M:  19999.7
B 38.000 .. 38.100 T 38.100 TT 38.100 M:  19998.5
B 38.100 .. 38.200 T 38.200 TT 38.200 M:  19995.8
B 38.200 .. 38.300 T 38.300 TT 38.300 M:  19855.2
B 38.300 .. 38.400 T 38.400 TT 38.400 M:  19989.8
B 38.400 .. 38.600 T 38.600 TT 38.600 M:  19998.2
B 38.600 .. 38.800 T 38.800 TT 38.800 M:  10000.0
B 38.800 .. 39.000 T 39.000 TT 39.000 M:  10000.0
B 39.000 .. 39.200 T 39.200 TT 39.200 M:  10000.0
B 39.200 .. 39.400 T 39.400 TT 39.400 M:  10000.0
B 39.400 .. 39.600 T 39.600 TT 39.600 M:  10000.0
B 39.600 .. 39.800 T 39.800 TT 39.800 M:  10000.0
B 39.800 .. 40.000 T 40.000 TT 40.000 M:  10000.0
B 40.000 .. 40.200 T 40.200 TT 40.200 M:  10000.0
B 40.200 .. 40.400 T 40.400 TT 40.400 M:  10000.0
B 40.400 .. 40.600 T 40.600 TT 40.600 M:  10000.0
B 40.600 .. 40.800 T 40.800 TT 40.800 M:  10000.0
B 40.800 .. 41.000 T 41.000 TT 41.000 M:  10000.0
B 41.000 .. 41.200 T 41.200 TT 41.200 M:  10000.0
B 41.200 .. 41.400 T 41.400 TT 41.400 M:  10000.0
B 41.400 .. 41.500 T 41.500 TT 41.500 M:  19990.4
B 41.500 .. 41.600 T 41.600 TT 41.600 M:  19998.4
B 41.600 .. 41.700 T 41.700 TT 41.700 M:  15397.0
B 41.700 .. 41.800 T 41.800 TT 41.800 M:  19996.7
B 41.800 .. 41.900 T 41.900 TT 41.900 M:  19998.5
B 41.900 .. 42.000 T 42.000 TT 42.000 M:  19996.0
B 42.000 .. 42.100 T 42.100 TT 42.100 M:  20000.0
B 42.100 .. 42.200 T 42.200 TT 42.200 M:  19999.7
B 42.200 .. 42.300 T 42.300 TT 42.300 M:  19964.5
B 42.300 .. 42.400 T 42.400 TT 42.400 M:  19996.0
B 42.400 .. 42.500 T 42.500 TT 42.500 M:  19577.4
B 42.500 .. 42.600 T 42.600 TT 42.600 M:  20000.0
B 42.600 .. 42.700 T 42.700 TT 42.700 M:  17602.9
B 42.700 .. 42.800 T 42.800 TT 42.800 M:  19996.1
B 42.800 .. 42.900 T 42.900 TT 42.900 M:  19993.5
B 42.900 .. 43.000 T 43.000 TT 43.000 M:  19999.9
B 43.000 .. 43.100 T 43.100 TT 43.100 M:  19972.6
B 43.100 .. 43.200 T 43.200 TT 43.200 M:  19992.8
B 43.200 .. 43.300 T 43.300 TT 43.300 M:  15399.0
B 43.300 .. 43.400 T 43.400 TT 43.400 M:  19947.9
B 43.400 .. 43.600 T 43.600 TT 43.600 M:  10000.0
B 43.600 .. 43.800 T 43.800 TT 43.800 M:  10000.0
B 43.800 .. 44.000 T 44.000 TT 44.000 M:  10000.0
B 44.000 .. 44.200 T 44.200 TT 44.200 M:  10000.0
B 44.200 .. 44.400 T 44.400 TT 44.400 M:  10000.0
B 44.400 .. 44.600 T 44.600 TT 44.600 M:  10000.0
B 44.600 .. 44.800 T 44.800 TT 44.800 M:  10000.0
B 44.800 .. 45.000 T 45.000 TT 45.000 M:  10000.0
B 45.000 .. 45.200 T 45.200 TT 45.200 M:  10000.0
B 45.200 .. 45.400 T 45.400 TT 45.400 M:  10000.0
B 45.400 .. 45.600 T 45.600 TT 45.600 M:  10000.0
B 45.600 .. 45.800 T 45.800 TT 45.800 M:  10000.0
B 45.800 .. 46.000 T 46.000 TT 46.000 M:  10000.0
B 46.000 .. 46.200 T 46.200 TT 46.200 M:  10000.0
B 46.200 .. 46.300 T 46.300 TT 46.300 M:  10000.0
B 46.300 .. 46.400 T 46.400 TT 46.400 M:  15397.0
B 46.400 .. 46.500 T 46.500 TT 46.500 M:  15398.1
B 46.500 .. 46.600 T 46.600 TT 46.600 M:  19995.8
B 46.600 .. 46.700 T 46.700 TT 46.700 M:  19998.7
B 46.700 .. 46.800 T 46.800 TT 46.800 M:  19997.8
B 46.800 .. 46.900 T 46.900 TT 46.900 M:  19967.1
B 46.900 .. 47.000 T 47.000 TT 47.000 M:  18266.6
B 47.000 .. 47.100 T 47.100 TT 47.100 M:  19982.1
B 47.100 .. 47.200 T 47.200 TT 47.200 M:  19949.2
B 47.200 .. 47.300 T 47.300 TT 47.300 M:  19956.5
B 47.300 .. 47.400 T 47.400 TT 47.400 M:  19996.3
B 47.400 .. 47.500 T 47.500 TT 47.500 M:  19998.2
B 47.500 .. 47.600 T 47.600 TT 47.600 M:  19999.4
B 47.600 .. 47.700 T 47.700 TT 47.700 M:  19963.7
B 47.700 .. 47.800 T 47.800 TT 47.800 M:  19997.8
B 47.800 .. 47.900 T 47.900 TT 47.900 M:  20000.0
B 47.900 .. 48.000 T 48.000 TT 48.000 M:  19577.4
B 48.000 .. 48.100 T 48.100 TT 48.100 M:  19975.6
B 48.100 .. 48.200 T 48.200 TT 48.200 M:  19577.3
B 48.200 .. 48.300 T 48.300 TT 48.300 M:  19990.9
B 48.300 .. 48.400 T 48.400 TT 48.400 M:  19987.1
B 48.400 .. 48.500 T 48.500 TT 48.500 M:  15398.1
B 48.500 .. 48.600 T 48.600 TT 48.600 M:  19995.8
B 48.600 .. 48.700 T 48.700 TT 48.700 M:  19993.5
B 48.700 .. 48.800 T 48.800 TT 48.800 M:  19992.9
B 48.800 .. 49.000 T 49.000 TT 49.000 M:  15397.0
B 49.000 .. 49.200 T 49.200 TT 49.200 M:  10000.0
B 49.200 .. 49.400 T 49.400 TT 49.400 M:  10000.0
B 49.400 .. 49.600 T 49.600 TT 49.600 M:  10000.0
B 49.600 .. 49.800 T 49.800 TT 49.800 M:  10000.0
B 49.800 .. 50.000 T 50.000 TT 50.000 M:  10000.0
B 50.000 .. 50.200 T 50.200 TT 50.200 M:  10000.0
B 50.200 .. 50.400 T 50.400 TT 50.400 M:  10000.0
B 50.400 .. 50.600 T 50.600 TT 50.600 M:  10000.0
B 50.600 .. 50.800 T 50.800 TT 50.800 M:  10000.0
B 50.800 .. 51.000 T 51.000 TT 51.000 M:  10000.0
B 51.000 .. 51.200 T 51.200 TT 51.200 M:  10000.0
B 51.200 .. 51.400 T 51.400 TT 51.400 M:  10000.0
B 51.400 .. 51.600 T 51.600 TT 51.600 M:  10000.0
B 51.600 .. 51.800 T 51.800 TT 51.800 M:  10000.0
B 51.800 .. 52.000 T 52.000 TT 52.000 M:  10000.0
B 52.000 .. 52.200 T 52.200 TT 52.200 M:  10000.0
B 52.200 .. 52.400 T 52.400 TT 52.400 M:  10000.0
B 52.400 .. 52.600 T 52.600 TT 52.600 M:  10000.0
B 52.600 .. 52.800 T 52.800 TT 52.800 M:  10000.0
B 52.800 .. 53.000 T 53.000 TT 53.000 M:  10000.0
B 53.000 .. 53.200 T 53.200 TT 53.200 M:  10000.0
B 53.200 .. 53.300 T 53.300 TT 53.300 M:  10000.0
B 53.300 .. 53.400 T 53.400 TT 53.400 M:  19999.6
B 53.400 .. 53.500 T 53.500 TT 53.500 M:  19999.3
B 53.500 .. 53.600 T 53.600 TT 53.600 M:  19927.1
B 53.600 .. 53.700 T 53.700 TT 53.700 M:  19995.6
B 53.700 .. 53.800 T 53.800 TT 53.800 M:  19982.6
B 53.800 .. 53.900 T 53.900 TT 53.900 M:  19855.3
B 53.900 .. 54.000 T 54.000 TT 54.000 M:  19987.1
B 54.000 .. 54.100 T 54.100 TT 54.100 M:  19980.1
B 54.100 .. 54.200 T 54.200 TT 54.200 M:  19972.6
B 54.200 .. 54.300 T 54.300 TT 54.300 M:  19855.3
B 54.300 .. 54.400 T 54.400 TT 54.400 M:  19999.9
B 54.400 .. 54.500 T 54.500 TT 54.500 M:  19768.4
B 54.500 .. 54.600 T 54.600 TT 54.600 M:  19991.5
B 54.600 .. 54.700 T 54.700 TT 54.700 M:  19997.2
B 54.700 .. 54.800 T 54.800 TT 54.800 M:  19989.8
B 54.800 .. 54.900 T 54.900 TT 54.900 M:  19967.1
B 54.900 .. 55.000 T 55.000 TT 55.000 M:  19999.7
B 55.000 .. 55.100 T 55.100 TT 55.100 M:  19998.7
B 55.100 .. 55.200 T 55.200 TT 55.200 M:  20000.0
B 55.200 .. 55.300 T 55.300 TT 55.300 M:  15398.1
B 55.300 .. 55.400 T 55.400 TT 55.400 M:  19972.6
B 55.400 .. 55.500 T 55.500 TT 55.500 M:  19964.9
B 55.500 .. 55.600 T 55.600 TT 55.600 M:  20000.0
B 55.600 .. 55.700 T 55.700 TT 55.700 M:  19983.8
B 55.700 .. 55.800 T 55.800 TT 55.800 M:  19577.3
B 55.800 .. 55.900 T 55.900 TT 55.900 M:  19956.5
B 55.900 .. 56.000 T 56.000 TT 56.000 M:  19996.3
B 56.000 .. 56.200 T 56.200 TT 56.200 M:  19996.9
B 56.200 .. 56.400 T 56.400 TT 56.400 M:  10000.0
B 56.400 .. 56.600 T 56.600 TT 56.600 M:  10000.0
B 56.600 .. 56.800 T 56.800 TT 56.800 M:  10000.0
B 56.800 .. 57.000 T 57.000 TT 57.000 M:  10000.0
B 57.000 .. 57.200 T 57.200 TT 57.200 M:  10000.0
B 57.200 .. 57.400 T 57.400 TT 57.400 M:  10000.0
B 57.400 .. 57.600 T 57.600 TT 57.600 M:  10000.0
B 57.600 .. 57.800 T 57.800 TT 57.800 M:  10000.0
B 57.800 .. 58.000 T 58.000 TT 58.000 M:  10000.0
B 58.000 .. 58.200 T 58.200 TT 58.200 M:  10000.0
B 58.200 .. 58.400 T 58.400 TT 58.400 M:  10000.0
B 58.400 .. 58.600 T 58.600 TT 58.600 M:  10000.0
B 58.600 .. 58.800 T 58.800 TT 58.800 M:  10000.0
B 58.800 .. 59.000 T 59.000 TT 59.000 M:  10000.0
B 59.000 .. 59.200 T 59.200 TT 59.200 M:  10000.0
B 59.200 .. 59.400 T 59.400 TT 59.400 M:  10000.0
B 59.400 .. 59.600 T 59.600 TT 59.600 M:  10000.0
B 59.600 .. 59.800 T 59.800 TT 59.800 M:  10000.0
B 59.800 .. 60.000 T 60.000 TT 60.000 M:  10000.0
B 60.000 .. 60.200 T 60.200 TT 60.200 M:  10000.0
B 60.200 .. 60.400 T 60.400 TT 60.400 M:  10000.0
B 60.400 .. 60.600 T 60.600 TT 60.600 M:  10000.0
B 60.600 .. 60.800 T 60.800 TT 60.800 M:  10000.0
B 60.800 .. 61.000 T 61.000 TT 61.000 M:  10000.0
B 61.000 .. 61.200 T 61.200 TT 61.200 M:  10000.0
B 61.200 .. 61.400 T 61.400 TT 61.400 M:  10000.0
B 61.400 .. 61.600 T 61.600 TT 61.600 M:  10000.0
B 61.600 .. 61.800 T 61.800 TT 61.800 M:  10000.0
B 61.800 .. 62.000 T 62.000 TT 62.000 M:  10000.0
B 62.000 .. 62.200 T 62.200 TT 62.200 M:  10000.0
B 62.200 .. 62.400 T 62.400 TT 62.400 M:  10000.0
B 62.400 .. 62.600 T 62.600 TT 62.600 M:  10000.0
B 62.600 .. 62.800 T 62.800 TT 62.800 M:  10000.0
B 62.800 .. 63.000 T 63.000 TT 63.000 M:  10000.0
B 63.000 .. 63.200 T 63.200 TT 63.200 M:  10000.0
B 63.200 .. 63.400 T 63.400 TT 63.400 M:  10000.0
B 63.400 .. 63.600 T 63.600 TT 63.600 M:  10000.0
B 63.600 .. 63.800 T 63.800 TT 63.800 M:  10000.0
B 63.800 .. 64.000 T 64.000 TT 64.000 M:  10000.0
B 64.000 .. 64.200 T 64.200 TT 64.200 M:  10000.0
B 64.200 .. 64.400 T 64.400 TT 64.400 M:  10000.0
B 64.400 .. 64.600 T 64.600 TT 64.600 M:  10000.0
B 64.600 .. 64.800 T 64.800 TT 64.800 M:  10000.0
B 64.800 .. 65.000 T 65.000 TT 65.000 M:  10000.0
B 65.000 .. 65.200 T 65.200 TT 65.200 M:  10000.0
B 65.200 .. 65.400 T 65.400 TT 65.400 M:  10000.0
B 65.400 .. 65.600 T 65.600 TT 65.600 M:  10000.0
B 65.600 .. 65.800 T 65.800 TT 65.800 M:  10000.0
B 65.800 .. 66.000 T 66.000 TT 66.000 M:  10000.0
B 66.000 .. 66.200 T 66.200 TT 66.200 M:  10000.0
B 66.200 .. 66.400 T 66.400 TT 66.400 M:  10000.0
B 66.400 .. 66.600 T 66.600 TT 66.600 M:  10000.0
Score finished in csoundPerform().
inactive allocs returned to freespace
end of score.		   overall amps:  20000.0
	   overall samples out of range:        0
0 errors in performance
Elapsed time at end of performance: real: 0.669s, CPU: 0.669s
256 512 sample blks of shorts written to wftg3_00.wav (WAV)
