0dBFS level = 32768.0
--Csound version 6.10 (double samples) Apr 25 2018 
[commit: none]
libsndfile-1.0.28
orchname:  wftg2_p00.orc
rtaudio: ALSA module enabled
rtmidi: ALSA Raw MIDI module enabled
Elapsed time at end of orchestra compile: real: 0.001s, CPU: 0.001s
sorting score ...
	... done
Elapsed time at end of score sort: real: 0.002s, CPU: 0.002s
graphics suppressed, ascii substituted
0dBFS level = 32768.0
orch now loaded
audio buffered in 256 sample-frame blocks
writing 768-byte blks of 24bit ints to wftg2_p00.wav (WAV)
SECTION 1:
ftable 1:
ftable 1:	65536 points, scalemax 1.000
               _--'''''--_
            _-'           '-_
          _-                 -_
         .                     .
       _'                       '_
      -                           -
    _'                             '_
   .                                 .
  -                                   -
_'_____________________________________'________________________________________
                                        '_                                     .
                                          .                                   .
                                           -                                 -
                                            '_                             _'
                                              .                           -
                                               -_                       _'
                                                 .                     -
                                                  '.                 .'
                                                    '._           _-'
                                                       -.._____.-'
ftable 2:
ftable 2:	128 points, scalemax 231.000
 _









-_______________________________________________________________
ftable 3:
ftable 3:	128 points, scalemax 231.000
 _









._______________________________________________________________
new alloc for instr 1:
instr 1:  ifreq = 2464.000
new alloc for instr 1:
instr 1:  ifreq = 231.000
B  0.000 ..  1.000 T  1.000 TT  1.000 M:  14985.4
instr 1:  ifreq = 2464.000
B  1.000 ..  2.000 T  2.000 TT  2.000 M:   8713.8
instr 1:  ifreq = 2464.000
B  2.000 ..  3.000 T  3.000 TT  3.000 M:   6360.0
instr 1:  ifreq = 2464.000
new alloc for instr 1:
instr 1:  ifreq = 433.125
B  3.000 ..  4.000 T  4.000 TT  4.000 M:  15397.4
instr 1:  ifreq = 2464.000
B  4.000 ..  5.000 T  5.000 TT  5.000 M:   8873.0
instr 1:  ifreq = 2464.000
B  5.000 ..  6.000 T  6.000 TT  6.000 M:   6406.1
instr 1:  ifreq = 2464.000
B  6.000 ..  7.000 T  7.000 TT  7.000 M:   5522.1
instr 1:  ifreq = 2464.000
new alloc for instr 1:
instr 1:  ifreq = 277.200
B  7.000 ..  8.000 T  8.000 TT  8.000 M:  15155.9
instr 1:  ifreq = 2464.000
B  8.000 ..  9.000 T  9.000 TT  9.000 M:   8746.4
instr 1:  ifreq = 2464.000
B  9.000 .. 10.000 T 10.000 TT 10.000 M:   6353.2
instr 1:  ifreq = 2464.000
instr 1:  ifreq = 404.250
B 10.000 .. 11.000 T 11.000 TT 11.000 M:  15400.1
instr 1:  ifreq = 2464.000
B 11.000 .. 12.000 T 12.000 TT 12.000 M:   8838.7
instr 1:  ifreq = 2464.000
B 12.000 .. 13.000 T 13.000 TT 13.000 M:   6417.8
instr 1:  ifreq = 2464.000
B 13.000 .. 14.000 T 14.000 TT 14.000 M:   5509.4
instr 1:  ifreq = 2464.000
instr 1:  ifreq = 231.000
B 14.000 .. 15.000 T 15.000 TT 15.000 M:  15080.0
instr 1:  ifreq = 2464.000
B 15.000 .. 16.000 T 16.000 TT 16.000 M:   8760.3
instr 1:  ifreq = 2464.000
B 16.000 .. 17.000 T 17.000 TT 17.000 M:   6380.9
instr 1:  ifreq = 2464.000
instr 1:  ifreq = 433.125
B 17.000 .. 18.000 T 18.000 TT 18.000 M:  15390.4
instr 1:  ifreq = 2464.000
B 18.000 .. 19.000 T 19.000 TT 19.000 M:   8876.9
instr 1:  ifreq = 2464.000
B 19.000 .. 20.000 T 20.000 TT 20.000 M:   6406.7
instr 1:  ifreq = 2464.000
B 20.000 .. 21.000 T 21.000 TT 21.000 M:   5522.1
instr 1:  ifreq = 2464.000
instr 1:  ifreq = 277.200
B 21.000 .. 24.000 T 24.000 TT 24.000 M:  15155.9
instr 1:  ifreq = 404.250
B 24.000 .. 27.000 T 27.000 TT 27.000 M:  10496.1
B 27.000 .. 31.000 T 31.000 TT 31.000 M:    542.8
B 31.000 .. 34.000 T 34.000 TT 34.000 M:     10.0
Score finished in csoundPerform().
inactive allocs returned to freespace
end of score.		   overall amps:  15400.1
	   overall samples out of range:        0
0 errors in performance
Elapsed time at end of performance: real: 0.773s, CPU: 0.770s
256 768 sample blks of 24bit ints written to wftg2_p00.wav (WAV)
