orchname:  ../wftg2.orc
Elapsed time at end of orchestra compile: real: 0.002s, CPU: 0.002s
sorting score ...
	... done
Elapsed time at end of score sort: real: 0.002s, CPU: 0.002s
--Csound version 6.17 (double samples) 2022-04-08
[commit: none]
libsndfile-1.0.31
graphics suppressed, ascii substituted
sr = 96000.0, kr = 96000.000, ksmps = 1
0dBFS level = 32768.0, A4 tuning = 440.0
orch now loaded
audio buffered in 256 sample-frame blocks
writing 512-byte blks of shorts to wftg2_scale_05.wav (WAV)
SECTION 1:
ftable 1:
ftable 1:	65536 points, scalemax 1.000
               _--'''''--_
            _-'           '-_
          _-                 -_
         .                     .
       _'                       '_
      -                           -
    _'                             '_
   .                                 .
  -                                   -
_'_____________________________________'________________________________________
                                        '_                                     .
                                          .                                   .
                                           -                                 -
                                            '_                             _'
                                              .                           -
                                               -_                       _'
                                                 .                     -
                                                  '.                 .'
                                                    '._           _-'
                                                       -.._____.-'
ftable 2:
ftable 2:	128 points, scalemax 260.000
 _









._______________________________________________________________
B  0.000 ..  1.000 T  0.800 TT  0.800 M:      0.0
new alloc for instr 1:
instr 1:  ifreq = 260.000  ifreq2 = 7.617
B  1.000 ..  2.000 T  1.600 TT  1.600 M:   9999.7
new alloc for instr 1:
instr 1:  ifreq = 270.833  ifreq2 = 7.617
B  2.000 ..  3.000 T  2.400 TT  2.400 M:  13759.4
new alloc for instr 1:
instr 1:  ifreq = 292.500  ifreq2 = 7.617
B  3.000 ..  4.000 T  3.200 TT  3.200 M:  16527.7
new alloc for instr 1:
instr 1:  ifreq = 312.000  ifreq2 = 7.617
B  4.000 ..  5.000 T  4.000 TT  4.000 M:  16295.2
new alloc for instr 1:
instr 1:  ifreq = 325.000  ifreq2 = 7.617
B  5.000 ..  6.000 T  4.800 TT  4.800 M:  15351.9
new alloc for instr 1:
instr 1:  ifreq = 346.667  ifreq2 = 7.617
B  6.000 ..  7.000 T  5.600 TT  5.600 M:  16566.2
new alloc for instr 1:
instr 1:  ifreq = 364.000  ifreq2 = 7.617
B  7.000 ..  8.000 T  6.400 TT  6.400 M:  16045.0
new alloc for instr 1:
instr 1:  ifreq = 390.000  ifreq2 = 7.617
B  8.000 ..  9.000 T  7.200 TT  7.200 M:  15387.4
new alloc for instr 1:
instr 1:  ifreq = 416.000  ifreq2 = 7.617
B  9.000 .. 10.000 T  8.000 TT  8.000 M:  15474.0
new alloc for instr 1:
instr 1:  ifreq = 433.333  ifreq2 = 7.617
B 10.000 .. 11.000 T  8.800 TT  8.800 M:  16193.0
instr 1:  ifreq = 455.000  ifreq2 = 7.617
B 11.000 .. 12.000 T  9.600 TT  9.600 M:  15108.2
instr 1:  ifreq = 487.500  ifreq2 = 7.617
B 12.000 .. 13.000 T 10.400 TT 10.400 M:  17297.6
instr 1:  ifreq = 520.000  ifreq2 = 7.617
B 13.000 .. 14.000 T 11.200 TT 11.200 M:  16828.2
B 14.000 .. 15.000 T 12.000 TT 12.000 M:   8014.7
B 15.000 .. 16.000 T 12.800 TT 12.800 M:   3421.8
B 16.000 .. 17.000 T 13.600 TT 13.600 M:   1604.9
B 17.000 .. 18.000 T 14.400 TT 14.400 M:    711.9
B 18.000 .. 19.000 T 15.200 TT 15.200 M:    304.0
B 19.000 .. 20.000 T 16.000 TT 16.000 M:    135.3
B 20.000 .. 21.000 T 16.800 TT 16.800 M:     53.4
B 21.000 .. 22.000 T 17.600 TT 17.600 M:     18.3
B 22.000 .. 23.000 T 18.400 TT 18.400 M:      4.4
Score finished in csoundPerform().
inactive allocs returned to freespace
end of score.		   overall amps:  17297.6
	   overall samples out of range:        0
0 errors in performance
Elapsed time at end of performance: real: 0.627s, CPU: 0.626s
256 512 sample blks of shorts written to wftg2_scale_05.wav (WAV)
