orchname:  ../wftg2.orc
Elapsed time at end of orchestra compile: real: 0.002s, CPU: 0.002s
sorting score ...
	... done
Elapsed time at end of score sort: real: 0.002s, CPU: 0.002s
--Csound version 6.17 (double samples) 2022-04-08
[commit: none]
libsndfile-1.0.31
graphics suppressed, ascii substituted
sr = 96000.0, kr = 96000.000, ksmps = 1
0dBFS level = 32768.0, A4 tuning = 440.0
orch now loaded
audio buffered in 256 sample-frame blocks
writing 512-byte blks of shorts to wftg2_scale_02.wav (WAV)
SECTION 1:
ftable 1:
ftable 1:	65536 points, scalemax 1.000
               _--'''''--_
            _-'           '-_
          _-                 -_
         .                     .
       _'                       '_
      -                           -
    _'                             '_
   .                                 .
  -                                   -
_'_____________________________________'________________________________________
                                        '_                                     .
                                          .                                   .
                                           -                                 -
                                            '_                             _'
                                              .                           -
                                               -_                       _'
                                                 .                     -
                                                  '.                 .'
                                                    '._           _-'
                                                       -.._____.-'
ftable 2:
ftable 2:	128 points, scalemax 87.000
 _









-_______________________________________________________________
B  0.000 ..  1.000 T  0.800 TT  0.800 M:      0.0
new alloc for instr 1:
B  1.000 ..  2.000 T  1.600 TT  1.600 M:   9999.6
new alloc for instr 1:
B  2.000 ..  3.000 T  2.400 TT  2.400 M:  14277.7
new alloc for instr 1:
B  3.000 ..  4.000 T  3.200 TT  3.200 M:  14823.4
new alloc for instr 1:
B  4.000 ..  5.000 T  4.000 TT  4.000 M:  17063.7
new alloc for instr 1:
B  5.000 ..  6.000 T  4.800 TT  4.800 M:  16514.4
new alloc for instr 1:
B  6.000 ..  7.000 T  5.600 TT  5.600 M:  15728.5
new alloc for instr 1:
B  7.000 .. 11.000 T  8.800 TT  8.800 M:  15563.3
B 11.000 .. 12.000 T  9.600 TT  9.600 M:    615.8
B 12.000 .. 13.000 T 10.400 TT 10.400 M:    308.1
B 13.000 .. 14.000 T 11.200 TT 11.200 M:    129.5
B 14.000 .. 15.000 T 12.000 TT 12.000 M:     50.0
B 15.000 .. 16.000 T 12.800 TT 12.800 M:     17.5
B 16.000 .. 17.000 T 13.600 TT 13.600 M:      4.4
Score finished in csoundPerform().
inactive allocs returned to freespace
end of score.		   overall amps:  17063.7
	   overall samples out of range:        0
0 errors in performance
Elapsed time at end of performance: real: 0.362s, CPU: 0.362s
256 512 sample blks of shorts written to wftg2_scale_02.wav (WAV)
