orchname:  ../../wftg2.orc
Elapsed time at end of orchestra compile: real: 0.002s, CPU: 0.002s
sorting score ...
	... done
Elapsed time at end of score sort: real: 0.002s, CPU: 0.002s
--Csound version 6.17 (double samples) 2022-04-08
[commit: none]
libsndfile-1.0.31
graphics suppressed, ascii substituted
sr = 96000.0, kr = 96000.000, ksmps = 1
0dBFS level = 32768.0, A4 tuning = 440.0
orch now loaded
audio buffered in 256 sample-frame blocks
writing 512-byte blks of shorts to wftg2_01_stem03.wav (WAV)
SECTION 1:
ftable 1:
ftable 1:	65536 points, scalemax 1.000
               _--'''''--_
            _-'           '-_
          _-                 -_
         .                     .
       _'                       '_
      -                           -
    _'                             '_
   .                                 .
  -                                   -
_'_____________________________________'________________________________________
                                        '_                                     .
                                          .                                   .
                                           -                                 -
                                            '_                             _'
                                              .                           -
                                               -_                       _'
                                                 .                     -
                                                  '.                 .'
                                                    '._           _-'
                                                       -.._____.-'
ftable 2:
ftable 2:	128 points, scalemax 87.000
 _









-_______________________________________________________________
B  0.000 .. 44.000 T 35.200 TT 35.200 M:      0.0
new alloc for instr 2:
instr 2:  ifreq = 1305.000  ifreq2 = 18.125
B 44.000 .. 44.500 T 35.600 TT 35.600 M:    499.8
instr 2:  ifreq = 1305.000  ifreq2 = 18.125
B 44.500 .. 45.000 T 36.000 TT 36.000 M:    474.9
instr 2:  ifreq = 1305.000  ifreq2 = 18.125
B 45.000 .. 45.500 T 36.400 TT 36.400 M:    449.9
instr 2:  ifreq = 1305.000  ifreq2 = 18.125
B 45.500 .. 46.000 T 36.800 TT 36.800 M:    425.0
instr 2:  ifreq = 1305.000  ifreq2 = 18.125
B 46.000 .. 46.500 T 37.200 TT 37.200 M:    399.9
instr 2:  ifreq = 1305.000  ifreq2 = 18.125
B 46.500 .. 47.000 T 37.600 TT 37.600 M:    374.9
instr 2:  ifreq = 1305.000  ifreq2 = 18.125
B 47.000 .. 47.500 T 38.000 TT 38.000 M:    349.9
instr 2:  ifreq = 1305.000  ifreq2 = 18.125
B 47.500 .. 48.000 T 38.400 TT 38.400 M:    325.0
instr 2:  ifreq = 1305.000  ifreq2 = 18.125
B 48.000 .. 48.500 T 38.800 TT 38.800 M:    299.9
instr 2:  ifreq = 1305.000  ifreq2 = 18.125
B 48.500 .. 49.000 T 39.200 TT 39.200 M:    274.9
instr 2:  ifreq = 1305.000  ifreq2 = 18.125
B 49.000 .. 49.500 T 39.600 TT 39.600 M:    249.9
instr 2:  ifreq = 1305.000  ifreq2 = 18.125
B 49.500 .. 61.000 T 48.800 TT 48.800 M:    199.9
instr 2:  ifreq = 1392.000  ifreq2 = 18.125
B 61.000 .. 61.500 T 49.200 TT 49.200 M:    499.8
instr 2:  ifreq = 1392.000  ifreq2 = 18.125
B 61.500 .. 62.000 T 49.600 TT 49.600 M:    474.9
instr 2:  ifreq = 1392.000  ifreq2 = 18.125
B 62.000 .. 62.500 T 50.000 TT 50.000 M:    449.9
instr 2:  ifreq = 1392.000  ifreq2 = 18.125
B 62.500 .. 63.000 T 50.400 TT 50.400 M:    425.0
instr 2:  ifreq = 1392.000  ifreq2 = 18.125
B 63.000 .. 63.500 T 50.800 TT 50.800 M:    399.9
instr 2:  ifreq = 1392.000  ifreq2 = 18.125
B 63.500 .. 64.000 T 51.200 TT 51.200 M:    374.9
instr 2:  ifreq = 1392.000  ifreq2 = 18.125
B 64.000 .. 64.500 T 51.600 TT 51.600 M:    349.9
instr 2:  ifreq = 1392.000  ifreq2 = 18.125
B 64.500 .. 65.000 T 52.000 TT 52.000 M:    324.9
instr 2:  ifreq = 1392.000  ifreq2 = 18.125
B 65.000 .. 65.500 T 52.400 TT 52.400 M:    300.0
instr 2:  ifreq = 1392.000  ifreq2 = 18.125
B 65.500 .. 66.000 T 52.800 TT 52.800 M:    274.9
instr 2:  ifreq = 1392.000  ifreq2 = 18.125
B 66.000 .. 66.500 T 53.200 TT 53.200 M:    249.9
instr 2:  ifreq = 1392.000  ifreq2 = 18.125
B 66.500 .. 67.000 T 53.600 TT 53.600 M:    199.9
Score finished in csoundPerform().
inactive allocs returned to freespace
end of score.		   overall amps:    499.8
	   overall samples out of range:        0
0 errors in performance
Elapsed time at end of performance: real: 0.333s, CPU: 0.333s
256 512 sample blks of shorts written to wftg2_01_stem03.wav (WAV)
