orchname:  ../../wftg2.orc
Elapsed time at end of orchestra compile: real: 0.010s, CPU: 0.004s
sorting score ...
	... done
Elapsed time at end of score sort: real: 0.011s, CPU: 0.004s
--Csound version 6.17 (double samples) 2022-04-08
[commit: none]
libsndfile-1.0.31
graphics suppressed, ascii substituted
sr = 96000.0, kr = 96000.000, ksmps = 1
0dBFS level = 32768.0, A4 tuning = 440.0
orch now loaded
audio buffered in 256 sample-frame blocks
writing 512-byte blks of shorts to wftg2_03_stem1.wav (WAV)
SECTION 1:
ftable 1:
ftable 1:	65536 points, scalemax 1.000
               _--'''''--_
            _-'           '-_
          _-                 -_
         .                     .
       _'                       '_
      -                           -
    _'                             '_
   .                                 .
  -                                   -
_'_____________________________________'________________________________________
                                        '_                                     .
                                          .                                   .
                                           -                                 -
                                            '_                             _'
                                              .                           -
                                               -_                       _'
                                                 .                     -
                                                  '.                 .'
                                                    '._           _-'
                                                       -.._____.-'
ftable 2:
ftable 2:	128 points, scalemax 260.000
 _









._______________________________________________________________
ftable 3:
ftable 3:	128 points, scalemax 455.000
 _









._______________________________________________________________
ftable 4:
ftable 4:	128 points, scalemax 260.000
 _









._______________________________________________________________
new alloc for instr 3:
instr 3:  ifreq = 260.000  ifreq2 = 7.617
B  0.000 .. 17.000 T 17.000 TT 17.000 M:   8000.0
instr 3:  ifreq = 260.000  ifreq2 = 7.617
B 17.000 .. 34.000 T 34.000 TT 34.000 M:   8000.0
instr 3:  ifreq = 260.000  ifreq2 = 7.617
B 34.000 .. 51.000 T 51.000 TT 51.000 M:   8000.0
instr 3:  ifreq = 260.000  ifreq2 = 7.617
B 51.000 .. 68.000 T 68.000 TT 68.000 M:   8000.0
instr 3:  ifreq = 260.000  ifreq2 = 7.617
B 68.000 .. 85.000 T 85.000 TT 85.000 M:   8000.0
instr 3:  ifreq = 260.000  ifreq2 = 7.617
B 85.000 .. 97.000 T 97.000 TT 97.000 M:   8000.0
Score finished in csoundPerform().
inactive allocs returned to freespace
end of score.		   overall amps:   8000.0
	   overall samples out of range:        0
0 errors in performance
Elapsed time at end of performance: real: 0.730s, CPU: 0.723s
256 512 sample blks of shorts written to wftg2_03_stem1.wav (WAV)
