orchname:  etude1.orc
Elapsed time at end of orchestra compile: real: 0.002s, CPU: 0.001s
sorting score ...
	... done
Elapsed time at end of score sort: real: 0.002s, CPU: 0.001s
--Csound version 6.17 (double samples) 2022-04-08
[commit: none]
libsndfile-1.0.31
graphics suppressed, ascii substituted
sr = 44100.0, kr = 4410.000, ksmps = 10
0dBFS level = 32768.0, A4 tuning = 440.0
orch now loaded
audio buffered in 256 sample-frame blocks
writing 512-byte blks of shorts to etude1.wav (WAV)
SECTION 1:
ftable 1:
ftable 1:	4096 points, scalemax 1.000
               .-''''''-._
            _-'           '.
          _-                '.
         -                    '_
       .'                       -
      -                          '_
    _'                             .
   .                                -
  -                                  '_
_'_____________________________________._______________________________________
                                        -                                     .
                                         -                                   -
                                          '_                               _'
                                            .                             .
                                             -                           -
                                              '.                       _'
                                                -_                    -
                                                  -_                .'
                                                    -_           _.'
                                                      '-._____..'
ftable 2:
ftable 2:	4096 points, scalemax 1.000
  '.

    - -'.
 -   '   -.--_
              ....
                  '..._
                       -.__
                           '.___
                                -.__
____________________________________'-_________________________________________
                                        ''._
                                            ''-_
                                                '''.
                                                    '''-_
                                                         '---_
                                                              ---.            -
                                                                  '..-.
                                                                       ._-'
                                                                           '
                                                                            .-
ftable 3:
ftable 3:	4096 points, scalemax 1.000
                                _.--''''''''--._
                            _.-'                '-._
                         _.'                        -.
                       .-                             '-_
                    _-'                                  '._
                  .-                                        -_
               _-'                                            '._
            _.'                                                  -._
         _-'                                                        -._
____..-''______________________________________________________________'--.____
ftable 4:
deferred alloc for sing.aif
audio sr = 44100, monaural
opening AIFF infile sing.aif
  defer length 102026
ftable 4:	102026 points, scalemax 1.000
                                                     _

                                     _             ..
             '' .           '                                  _
      -   __      _             '  -        -  .         - _ -
________.________-__-______'__'_________'________'________'_______.._.__._._____
 '-''    .     -      -_ .   .      .                 - .   ' .  '  _ -- ' '
     -               _    -           __     _    _
            .      '                                   .
       _                       '  '       '.
                                 '       -    . '
new alloc for instr 101:
B  0.000 ..  4.000 T  4.000 TT  4.000 M:  10000.0
new alloc for instr 102:
B  4.000 ..  8.000 T  8.000 TT  8.000 M:  10000.0
new alloc for instr 103:
B  8.000 .. 12.000 T 12.000 TT 12.000 M:  10000.0
new alloc for instr 104:
B 12.000 .. 16.000 T 16.000 TT 16.000 M:   9999.7
new alloc for instr 105:
B 16.000 .. 20.000 T 20.000 TT 20.000 M:  13517.2
new alloc for instr 106:
B 20.000 .. 22.300 T 22.300 TT 22.300 M:  10000.0
Score finished in csoundPerform().
inactive allocs returned to freespace
end of score.		   overall amps:  13517.2
	   overall samples out of range:        0
0 errors in performance
Elapsed time at end of performance: real: 0.078s, CPU: 0.077s
256 512 sample blks of shorts written to etude1.wav (WAV)
